#
# There is insufficient memory for the Java Runtime Environment to continue.
# Native memory allocation (malloc) failed to allocate 1048576 bytes. Error detail: AllocateHeap
# Possible reasons:
#   The system is out of physical RAM or swap space
#   This process is running with CompressedOops enabled, and the Java Heap may be blocking the growth of the native heap
# Possible solutions:
#   Reduce memory load on the system
#   Increase physical memory or swap space
#   Check if swap backing store is full
#   Decrease Java heap size (-Xmx/-Xms)
#   Decrease number of Java threads
#   Decrease Java thread stack sizes (-Xss)
#   Set larger code cache with -XX:ReservedCodeCacheSize=
#   JVM is running with Unscaled Compressed Oops mode in which the Java heap is
#     placed in the first 4GB address space. The Java Heap base address is the
#     maximum limit for the native heap growth. Please use -XX:HeapBaseMinAddress
#     to set the Java Heap base and to place the Java Heap above 4GB virtual address.
# This output file may be truncated or incomplete.
#
#  Out of Memory Error (allocation.cpp:44), pid=22468, tid=21644
#
# JRE version: OpenJDK Runtime Environment Temurin-21.0.8+9 (21.0.8+9) (build 21.0.8+9-LTS)
# Java VM: OpenJDK 64-Bit Server VM Temurin-21.0.8+9 (21.0.8+9-LTS, mixed mode, sharing, tiered, compressed oops, compressed class ptrs, parallel gc, windows-amd64)
# No core dump will be written. Minidumps are not enabled by default on client versions of Windows
#

---------------  S U M M A R Y ------------

Command Line: --add-modules=ALL-SYSTEM --add-opens=java.base/java.util=ALL-UNNAMED --add-opens=java.base/java.lang=ALL-UNNAMED --add-opens=java.base/sun.nio.fs=ALL-UNNAMED -Declipse.application=org.eclipse.jdt.ls.core.id1 -Dosgi.bundles.defaultStartLevel=4 -Declipse.product=org.eclipse.jdt.ls.core.product -Djava.import.generatesMetadataFilesAtProjectRoot=false -DDetectVMInstallationsJob.disabled=true -Dfile.encoding=utf8 -XX:+UseParallelGC -XX:GCTimeRatio=4 -XX:AdaptiveSizePolicyWeight=90 -Dsun.zip.disableMemoryMapping=true -Xmx2G -Xms100m -Xlog:disable -javaagent:c:\Users\ayush\.vscode\extensions\redhat.java-1.45.0-win32-x64\lombok\lombok-1.18.39-4050.jar -XX:+HeapDumpOnOutOfMemoryError -XX:HeapDumpPath=c:\Users\ayush\AppData\Roaming\Code\User\workspaceStorage\a08dc35d963468808c61ab5053c7b1a0\redhat.java -Daether.dependencyCollector.impl=bf c:\Users\ayush\.vscode\extensions\redhat.java-1.45.0-win32-x64\server\plugins\org.eclipse.equinox.launcher_1.7.0.v20250519-0528.jar -configuration c:\Users\ayush\AppData\Roaming\Code\User\globalStorage\redhat.java\1.45.0\config_win -data c:\Users\ayush\AppData\Roaming\Code\User\workspaceStorage\a08dc35d963468808c61ab5053c7b1a0\redhat.java\jdt_ws --pipe=\\.\pipe\lsp-20340732657e3acc6a27fde2d5b1e4d5-sock

Host: 12th Gen Intel(R) Core(TM) i7-12700H, 20 cores, 15G,  Windows 11 , 64 bit Build 26100 (10.0.26100.5074)
Time: Wed Sep 10 12:03:16 2025 India Standard Time elapsed time: 85049.636953 seconds (0d 23h 37m 29s)

---------------  T H R E A D  ---------------

Current thread (0x000002a56e70a5c0):  JavaThread "Attach Listener" daemon [_thread_in_vm, id=21644, stack(0x000000ac17400000,0x000000ac17500000) (1024K)]

Stack: [0x000000ac17400000,0x000000ac17500000]
Native frames: (J=compiled Java code, j=interpreted, Vv=VM code, C=native code)
V  [jvm.dll+0x6d2449]
V  [jvm.dll+0x8ae341]
V  [jvm.dll+0x8b08be]
V  [jvm.dll+0x8b0fa3]
V  [jvm.dll+0x280c96]
V  [jvm.dll+0xc0347]
V  [jvm.dll+0x6d2cf9]
V  [jvm.dll+0x131116]
V  [jvm.dll+0x3f2d16]
V  [jvm.dll+0x857e6b]
V  [jvm.dll+0x6d0b0d]
C  [ucrtbase.dll+0x37b0]
C  [KERNEL32.DLL+0x2e8d7]
C  [ntdll.dll+0x8d9c]


---------------  P R O C E S S  ---------------

Threads class SMR info:
_java_thread_list=0x000002a564b8ab70, length=47, elements={
0x000002a56c28c830, 0x000002a56e701f80, 0x000002a56e702b30, 0x000002a56e705610,
0x000002a56e70a5c0, 0x000002a56e70d3f0, 0x000002a56e70e4b0, 0x000002a56e711460,
0x000002a56e70c2d0, 0x000002a57761bde0, 0x000002a579445a30, 0x000002a57e38e070,
0x000002a57e3bef30, 0x000002a57e072aa0, 0x000002a579bc2280, 0x000002a579951930,
0x000002a57e43d4d0, 0x000002a5796a2d90, 0x000002a5796a2700, 0x000002a5796a3ab0,
0x000002a550422620, 0x000002a550423340, 0x000002a550421900, 0x000002a550422cb0,
0x000002a550420be0, 0x000002a550421270, 0x000002a5504246f0, 0x000002a5504239d0,
0x000002a550424060, 0x000002a550424d80, 0x000002a550421f90, 0x000002a550425410,
0x000002a550425aa0, 0x000002a550426130, 0x000002a5504267c0, 0x000002a550427b70,
0x000002a550426e50, 0x000002a5504274e0, 0x000002a550428200, 0x000002a551269480,
0x000002a551269b10, 0x000002a5512673b0, 0x000002a551267a40, 0x000002a55126b550,
0x000002a55dbcb660, 0x000002a55126cf90, 0x000002a5510b4ed0
}

Java Threads: ( => current thread )
  0x000002a56c28c830 JavaThread "main"                              [_thread_blocked, id=22488, stack(0x000000ac16d00000,0x000000ac16e00000) (1024K)]
  0x000002a56e701f80 JavaThread "Reference Handler"          daemon [_thread_blocked, id=22524, stack(0x000000ac17100000,0x000000ac17200000) (1024K)]
  0x000002a56e702b30 JavaThread "Finalizer"                  daemon [_thread_blocked, id=16184, stack(0x000000ac17200000,0x000000ac17300000) (1024K)]
  0x000002a56e705610 JavaThread "Signal Dispatcher"          daemon [_thread_blocked, id=21636, stack(0x000000ac17300000,0x000000ac17400000) (1024K)]
=>0x000002a56e70a5c0 JavaThread "Attach Listener"            daemon [_thread_in_vm, id=21644, stack(0x000000ac17400000,0x000000ac17500000) (1024K)]
  0x000002a56e70d3f0 JavaThread "Service Thread"             daemon [_thread_blocked, id=21648, stack(0x000000ac17500000,0x000000ac17600000) (1024K)]
  0x000002a56e70e4b0 JavaThread "Monitor Deflation Thread"   daemon [_thread_blocked, id=21656, stack(0x000000ac17600000,0x000000ac17700000) (1024K)]
  0x000002a56e711460 JavaThread "C2 CompilerThread0"         daemon [_thread_blocked, id=21664, stack(0x000000ac17700000,0x000000ac17800000) (1024K)]
  0x000002a56e70c2d0 JavaThread "C1 CompilerThread0"         daemon [_thread_blocked, id=21672, stack(0x000000ac17800000,0x000000ac17900000) (1024K)]
  0x000002a57761bde0 JavaThread "Common-Cleaner"             daemon [_thread_blocked, id=21680, stack(0x000000ac17900000,0x000000ac17a00000) (1024K)]
  0x000002a579445a30 JavaThread "Notification Thread"        daemon [_thread_blocked, id=21624, stack(0x000000ac17d00000,0x000000ac17e00000) (1024K)]
  0x000002a57e38e070 JavaThread "Active Thread: Equinox Container: 16f0296d-4339-4fee-ac3d-869bcba8e5cb"        [_thread_blocked, id=14892, stack(0x000000ac18600000,0x000000ac18700000) (1024K)]
  0x000002a57e3bef30 JavaThread "Refresh Thread: Equinox Container: 16f0296d-4339-4fee-ac3d-869bcba8e5cb" daemon [_thread_blocked, id=22016, stack(0x000000ac17a00000,0x000000ac17b00000) (1024K)]
  0x000002a57e072aa0 JavaThread "Framework Event Dispatcher: Equinox Container: 16f0296d-4339-4fee-ac3d-869bcba8e5cb" daemon [_thread_blocked, id=21996, stack(0x000000ac17b00000,0x000000ac17c00000) (1024K)]
  0x000002a579bc2280 JavaThread "Start Level: Equinox Container: 16f0296d-4339-4fee-ac3d-869bcba8e5cb" daemon [_thread_blocked, id=8444, stack(0x000000ac17c00000,0x000000ac17d00000) (1024K)]
  0x000002a579951930 JavaThread "Bundle File Closer"         daemon [_thread_blocked, id=22396, stack(0x000000ac18b00000,0x000000ac18c00000) (1024K)]
  0x000002a57e43d4d0 JavaThread "SCR Component Actor"        daemon [_thread_blocked, id=21080, stack(0x000000ac17e00000,0x000000ac17f00000) (1024K)]
  0x000002a5796a2d90 JavaThread "Worker-JM"                         [_thread_blocked, id=21880, stack(0x000000ac19200000,0x000000ac19300000) (1024K)]
  0x000002a5796a2700 JavaThread "JNA Cleaner"                daemon [_thread_blocked, id=16380, stack(0x000000ac19500000,0x000000ac19600000) (1024K)]
  0x000002a5796a3ab0 JavaThread "Java indexing"              daemon [_thread_blocked, id=20156, stack(0x000000ac19a00000,0x000000ac19b00000) (1024K)]
  0x000002a550422620 JavaThread "Thread-2"                   daemon [_thread_in_native, id=16168, stack(0x000000ac19f00000,0x000000ac1a000000) (1024K)]
  0x000002a550423340 JavaThread "Thread-3"                   daemon [_thread_in_native, id=16368, stack(0x000000ac1a000000,0x000000ac1a100000) (1024K)]
  0x000002a550421900 JavaThread "Thread-4"                   daemon [_thread_in_native, id=13420, stack(0x000000ac1a100000,0x000000ac1a200000) (1024K)]
  0x000002a550422cb0 JavaThread "Thread-5"                   daemon [_thread_in_native, id=13460, stack(0x000000ac1a200000,0x000000ac1a300000) (1024K)]
  0x000002a550420be0 JavaThread "Thread-6"                   daemon [_thread_in_native, id=13504, stack(0x000000ac1a300000,0x000000ac1a400000) (1024K)]
  0x000002a550421270 JavaThread "Thread-7"                   daemon [_thread_in_native, id=13524, stack(0x000000ac1a400000,0x000000ac1a500000) (1024K)]
  0x000002a5504246f0 JavaThread "Thread-8"                   daemon [_thread_in_native, id=13532, stack(0x000000ac1a500000,0x000000ac1a600000) (1024K)]
  0x000002a5504239d0 JavaThread "Thread-9"                   daemon [_thread_in_native, id=13536, stack(0x000000ac1a600000,0x000000ac1a700000) (1024K)]
  0x000002a550424060 JavaThread "Thread-10"                  daemon [_thread_in_native, id=13540, stack(0x000000ac1a700000,0x000000ac1a800000) (1024K)]
  0x000002a550424d80 JavaThread "Thread-11"                  daemon [_thread_in_native, id=14816, stack(0x000000ac1a800000,0x000000ac1a900000) (1024K)]
  0x000002a550421f90 JavaThread "Thread-12"                  daemon [_thread_in_native, id=21876, stack(0x000000ac1a900000,0x000000ac1aa00000) (1024K)]
  0x000002a550425410 JavaThread "Thread-13"                  daemon [_thread_in_native, id=16392, stack(0x000000ac1aa00000,0x000000ac1ab00000) (1024K)]
  0x000002a550425aa0 JavaThread "Thread-14"                  daemon [_thread_in_native, id=21684, stack(0x000000ac1ab00000,0x000000ac1ac00000) (1024K)]
  0x000002a550426130 JavaThread "Thread-15"                  daemon [_thread_in_native, id=16396, stack(0x000000ac1ac00000,0x000000ac1ad00000) (1024K)]
  0x000002a5504267c0 JavaThread "Thread-16"                  daemon [_thread_in_native, id=15172, stack(0x000000ac1ad00000,0x000000ac1ae00000) (1024K)]
  0x000002a550427b70 JavaThread "Thread-17"                  daemon [_thread_in_native, id=16364, stack(0x000000ac1ae00000,0x000000ac1af00000) (1024K)]
  0x000002a550426e50 JavaThread "Thread-18"                  daemon [_thread_in_native, id=19192, stack(0x000000ac1af00000,0x000000ac1b000000) (1024K)]
  0x000002a5504274e0 JavaThread "Thread-19"                  daemon [_thread_in_native, id=19420, stack(0x000000ac1b000000,0x000000ac1b100000) (1024K)]
  0x000002a550428200 JavaThread "Thread-20"                  daemon [_thread_in_native, id=16400, stack(0x000000ac1b100000,0x000000ac1b200000) (1024K)]
  0x000002a551269480 JavaThread "Thread-21"                  daemon [_thread_in_native, id=11336, stack(0x000000ac1b200000,0x000000ac1b300000) (1024K)]
  0x000002a551269b10 JavaThread "Thread-22"                  daemon [_thread_in_native, id=15584, stack(0x000000ac1b300000,0x000000ac1b400000) (1024K)]
  0x000002a5512673b0 JavaThread "pool-2-thread-1"                   [_thread_blocked, id=16424, stack(0x000000ac1b400000,0x000000ac1b500000) (1024K)]
  0x000002a551267a40 JavaThread "WorkspaceEventsHandler"            [_thread_blocked, id=21704, stack(0x000000ac1bc00000,0x000000ac1bd00000) (1024K)]
  0x000002a55126b550 JavaThread "pool-1-thread-1"                   [_thread_blocked, id=21752, stack(0x000000ac1bd00000,0x000000ac1be00000) (1024K)]
  0x000002a55dbcb660 JavaThread "Cleaner-0"                  daemon [_thread_blocked, id=24072, stack(0x000000ac1fd00000,0x000000ac1fe00000) (1024K)]
  0x000002a55126cf90 JavaThread "Worker-19"                         [_thread_blocked, id=20168, stack(0x000000ac1b900000,0x000000ac1ba00000) (1024K)]
  0x000002a5510b4ed0 JavaThread "Worker-22"                         [_thread_blocked, id=5012, stack(0x000000ac18c00000,0x000000ac18d00000) (1024K)]
Total: 47

Other Threads:
  0x000002a5760e4b10 VMThread "VM Thread"                           [id=22516, stack(0x000000ac17000000,0x000000ac17100000) (1024K)]
  0x000002a575fdca10 WatcherThread "VM Periodic Task Thread"        [id=22504, stack(0x000000ac16f00000,0x000000ac17000000) (1024K)]
  0x000002a56e67f430 WorkerThread "GC Thread#0"                     [id=22496, stack(0x000000ac16e00000,0x000000ac16f00000) (1024K)]
  0x000002a57e263900 WorkerThread "GC Thread#1"                     [id=21528, stack(0x000000ac18000000,0x000000ac18100000) (1024K)]
  0x000002a579a43ad0 WorkerThread "GC Thread#2"                     [id=21536, stack(0x000000ac18100000,0x000000ac18200000) (1024K)]
  0x000002a57e45e770 WorkerThread "GC Thread#3"                     [id=21540, stack(0x000000ac18200000,0x000000ac18300000) (1024K)]
  0x000002a57e45eb10 WorkerThread "GC Thread#4"                     [id=21544, stack(0x000000ac18300000,0x000000ac18400000) (1024K)]
  0x000002a57e1a0d00 WorkerThread "GC Thread#5"                     [id=21548, stack(0x000000ac18400000,0x000000ac18500000) (1024K)]
  0x000002a57e1a10a0 WorkerThread "GC Thread#6"                     [id=21552, stack(0x000000ac18500000,0x000000ac18600000) (1024K)]
  0x000002a57e405c20 WorkerThread "GC Thread#7"                     [id=10480, stack(0x000000ac17f00000,0x000000ac18000000) (1024K)]
  0x000002a57e406360 WorkerThread "GC Thread#8"                     [id=22432, stack(0x000000ac18800000,0x000000ac18900000) (1024K)]
  0x000002a57e406700 WorkerThread "GC Thread#9"                     [id=22436, stack(0x000000ac18900000,0x000000ac18a00000) (1024K)]
  0x000002a57e406aa0 WorkerThread "GC Thread#10"                    [id=22440, stack(0x000000ac18a00000,0x000000ac18b00000) (1024K)]
  0x000002a57e405880 WorkerThread "GC Thread#11"                    [id=6384, stack(0x000000ac18d00000,0x000000ac18e00000) (1024K)]
  0x000002a57e325970 WorkerThread "GC Thread#12"                    [id=16428, stack(0x000000ac19300000,0x000000ac19400000) (1024K)]
  0x000002a57e323c70 WorkerThread "GC Thread#13"                    [id=21824, stack(0x000000ac19400000,0x000000ac19500000) (1024K)]
  0x000002a57e3226b0 WorkerThread "GC Thread#14"                    [id=16432, stack(0x000000ac19800000,0x000000ac19900000) (1024K)]
Total: 17

Threads with active compile tasks:
Total: 0

VM state: not at safepoint (normal execution)

VM Mutex/Monitor currently owned by a thread: None

Heap address: 0x0000000080000000, size: 2048 MB, Compressed Oops mode: 32-bit

CDS archive(s) mapped at: [0x000002a50f000000-0x000002a50fba0000-0x000002a50fba0000), size 12189696, SharedBaseAddress: 0x000002a50f000000, ArchiveRelocationMode: 1.
Compressed class space mapped at: 0x000002a510000000-0x000002a550000000, reserved size: 1073741824
Narrow klass base: 0x000002a50f000000, Narrow klass shift: 0, Narrow klass range: 0x100000000

GC Precious Log:
 CardTable entry size: 512
 CPUs: 20 total, 20 available
 Memory: 16095M
 Large Page Support: Disabled
 NUMA Support: Disabled
 Compressed Oops: Enabled (32-bit)
 Alignments: Space 512K, Generation 512K, Heap 2M
 Heap Min Capacity: 100M
 Heap Initial Capacity: 100M
 Heap Max Capacity: 2G
 Pre-touch: Disabled
 Parallel Workers: 15

Heap:
 PSYoungGen      total 8704K, used 3576K [0x00000000d5580000, 0x00000000d5f80000, 0x0000000100000000)
  eden space 7168K, 36% used [0x00000000d5580000,0x00000000d580e318,0x00000000d5c80000)
  from space 1536K, 62% used [0x00000000d5e00000,0x00000000d5ef0000,0x00000000d5f80000)
  to   space 1536K, 0% used [0x00000000d5c80000,0x00000000d5c80000,0x00000000d5e00000)
 ParOldGen       total 284672K, used 284316K [0x0000000080000000, 0x0000000091600000, 0x00000000d5580000)
  object space 284672K, 99% used [0x0000000080000000,0x00000000915a72c8,0x0000000091600000)
 Metaspace       used 100548K, committed 102208K, reserved 1179648K
  class space    used 9925K, committed 10688K, reserved 1048576K

Card table byte_map: [0x000002a56e010000,0x000002a56e420000] _byte_map_base: 0x000002a56dc10000

Marking Bits: (ParMarkBitMap*) 0x00007ffecb77a340
 Begin Bits: [0x000002a571b00000, 0x000002a573b00000)
 End Bits:   [0x000002a573b00000, 0x000002a575b00000)

Polling page: 0x000002a56c8d0000

Metaspace:

Usage:
  Non-class:     88.50 MB used.
      Class:      9.69 MB used.
       Both:     98.19 MB used.

Virtual space:
  Non-class space:      128.00 MB reserved,      89.38 MB ( 70%) committed,  2 nodes.
      Class space:        1.00 GB reserved,      10.44 MB (  1%) committed,  1 nodes.
             Both:        1.12 GB reserved,      99.81 MB (  9%) committed. 

Chunk freelists:
   Non-Class:  6.13 MB
       Class:  5.47 MB
        Both:  11.60 MB

MaxMetaspaceSize: unlimited
CompressedClassSpaceSize: 1.00 GB
Initial GC threshold: 21.00 MB
Current GC threshold: 166.38 MB
CDS: on
 - commit_granule_bytes: 65536.
 - commit_granule_words: 8192.
 - virtual_space_node_default_size: 8388608.
 - enlarge_chunks_in_place: 1.
 - use_allocation_guard: 0.


Internal statistics:

num_allocs_failed_limit: 9.
num_arena_births: 2252.
num_arena_deaths: 668.
num_vsnodes_births: 3.
num_vsnodes_deaths: 0.
num_space_committed: 1597.
num_space_uncommitted: 0.
num_chunks_returned_to_freelist: 824.
num_chunks_taken_from_freelist: 7551.
num_chunk_merges: 232.
num_chunk_splits: 4246.
num_chunks_enlarged: 2260.
num_inconsistent_stats: 0.

CodeHeap 'non-profiled nmethods': size=119168Kb used=26761Kb max_used=30104Kb free=92406Kb
 bounds [0x000002a507ba0000, 0x000002a509910000, 0x000002a50f000000]
CodeHeap 'profiled nmethods': size=119104Kb used=37052Kb max_used=57567Kb free=82052Kb
 bounds [0x000002a500000000, 0x000002a503880000, 0x000002a507450000]
CodeHeap 'non-nmethods': size=7488Kb used=1540Kb max_used=3287Kb free=5947Kb
 bounds [0x000002a507450000, 0x000002a5077a0000, 0x000002a507ba0000]
CodeCache: size=245760Kb, used=65353Kb, max_used=90958Kb, free=180405Kb
 total_blobs=17314, nmethods=16454, adapters=759, full_count=0
Compilation: enabled, stopped_count=0, restarted_count=0

Compilation events (20 events):
Event: 79268.713 Thread 0x000002a56e70c2d0 nmethod 32158 0x000002a500815a10 code [0x000002a500815c80, 0x000002a500816370]
Event: 79268.714 Thread 0x000002a56e711460 nmethod 32154 0x000002a507bfe410 code [0x000002a507bfe5c0, 0x000002a507bfe868]
Event: 79277.956 Thread 0x000002a56e711460 32159       4       org.eclipse.jdt.internal.compiler.ast.MessageSend::resolveType (2131 bytes)
Event: 79277.989 Thread 0x000002a56e711460 nmethod 32159 0x000002a508991590 code [0x000002a508991ca0, 0x000002a508994c78]
Event: 79319.306 Thread 0x000002a56e70c2d0 32160       3       org.eclipse.jdt.core.dom.DefaultASTVisitor::visit (6 bytes)
Event: 79319.306 Thread 0x000002a56e70c2d0 nmethod 32160 0x000002a500050e90 code [0x000002a500051040, 0x000002a500051208]
Event: 79319.306 Thread 0x000002a56e70c2d0 32161       3       org.eclipse.jdt.core.dom.DefaultASTVisitor::visit (6 bytes)
Event: 79319.306 Thread 0x000002a56e70c2d0 nmethod 32161 0x000002a50014b990 code [0x000002a50014bb40, 0x000002a50014bd08]
Event: 79319.315 Thread 0x000002a56e711460 32162       4       org.eclipse.jdt.internal.compiler.ast.LocalDeclaration::generateCode (204 bytes)
Event: 79319.318 Thread 0x000002a56e711460 nmethod 32162 0x000002a508997a10 code [0x000002a508997c00, 0x000002a508998168]
Event: 79417.357 Thread 0x000002a56e70c2d0 32163       3       sun.nio.fs.NativeBuffer$Deallocator::run (11 bytes)
Event: 79417.358 Thread 0x000002a56e70c2d0 nmethod 32163 0x000002a50031eb90 code [0x000002a50031ed60, 0x000002a50031f080]
Event: 79417.358 Thread 0x000002a56e70c2d0 32164       3       sun.nio.fs.NativeBuffer::free (10 bytes)
Event: 79417.358 Thread 0x000002a56e70c2d0 nmethod 32164 0x000002a5002c4390 code [0x000002a5002c4580, 0x000002a5002c4980]
Event: 79547.412 Thread 0x000002a56e711460 32165       4       sun.nio.ch.Util::free (13 bytes)
Event: 79547.420 Thread 0x000002a56e711460 nmethod 32165 0x000002a507c8c890 code [0x000002a507c8ca60, 0x000002a507c8ce88]
Event: 81677.730 Thread 0x000002a56e711460 32166       4       java.util.concurrent.locks.AbstractQueuedSynchronizer$ConditionObject::unlinkCancelledWaiters (91 bytes)
Event: 81677.793 Thread 0x000002a56e711460 nmethod 32166 0x000002a507c99610 code [0x000002a507c997a0, 0x000002a507c99908]
Event: 84027.451 Thread 0x000002a56e70c2d0 32167       1       org.eclipse.core.internal.jobs.InternalJob::internalSetPriority (6 bytes)
Event: 84027.473 Thread 0x000002a56e70c2d0 nmethod 32167 0x000002a507bd4990 code [0x000002a507bd4b20, 0x000002a507bd4be8]

GC Heap History (20 events):
Event: 79269.178 GC heap before
{Heap before GC invocations=6711 (full 9):
 PSYoungGen      total 9728K, used 9268K [0x00000000d5580000, 0x00000000d6080000, 0x0000000100000000)
  eden space 8192K, 99% used [0x00000000d5580000,0x00000000d5d7ffa0,0x00000000d5d80000)
  from space 1536K, 70% used [0x00000000d5f00000,0x00000000d600d200,0x00000000d6080000)
  to   space 1536K, 0% used [0x00000000d5d80000,0x00000000d5d80000,0x00000000d5f00000)
 ParOldGen       total 278016K, used 277624K [0x0000000080000000, 0x0000000090f80000, 0x00000000d5580000)
  object space 278016K, 99% used [0x0000000080000000,0x0000000090f1e278,0x0000000090f80000)
 Metaspace       used 100548K, committed 102208K, reserved 1179648K
  class space    used 9925K, committed 10688K, reserved 1048576K
}
Event: 79269.182 GC heap after
{Heap after GC invocations=6711 (full 9):
 PSYoungGen      total 8704K, used 404K [0x00000000d5580000, 0x00000000d5f80000, 0x0000000100000000)
  eden space 8192K, 0% used [0x00000000d5580000,0x00000000d5580000,0x00000000d5d80000)
  from space 512K, 79% used [0x00000000d5d80000,0x00000000d5de5200,0x00000000d5e00000)
  to   space 1024K, 0% used [0x00000000d5e80000,0x00000000d5e80000,0x00000000d5f80000)
 ParOldGen       total 278016K, used 277920K [0x0000000080000000, 0x0000000090f80000, 0x00000000d5580000)
  object space 278016K, 99% used [0x0000000080000000,0x0000000090f68298,0x0000000090f80000)
 Metaspace       used 100548K, committed 102208K, reserved 1179648K
  class space    used 9925K, committed 10688K, reserved 1048576K
}
Event: 79269.193 GC heap before
{Heap before GC invocations=6712 (full 9):
 PSYoungGen      total 8704K, used 8596K [0x00000000d5580000, 0x00000000d5f80000, 0x0000000100000000)
  eden space 8192K, 100% used [0x00000000d5580000,0x00000000d5d80000,0x00000000d5d80000)
  from space 512K, 79% used [0x00000000d5d80000,0x00000000d5de5200,0x00000000d5e00000)
  to   space 1024K, 0% used [0x00000000d5e80000,0x00000000d5e80000,0x00000000d5f80000)
 ParOldGen       total 278016K, used 277920K [0x0000000080000000, 0x0000000090f80000, 0x00000000d5580000)
  object space 278016K, 99% used [0x0000000080000000,0x0000000090f68298,0x0000000090f80000)
 Metaspace       used 100548K, committed 102208K, reserved 1179648K
  class space    used 9925K, committed 10688K, reserved 1048576K
}
Event: 79269.195 GC heap after
{Heap after GC invocations=6712 (full 9):
 PSYoungGen      total 9216K, used 800K [0x00000000d5580000, 0x00000000d5f80000, 0x0000000100000000)
  eden space 8192K, 0% used [0x00000000d5580000,0x00000000d5580000,0x00000000d5d80000)
  from space 1024K, 78% used [0x00000000d5e80000,0x00000000d5f48000,0x00000000d5f80000)
  to   space 1024K, 0% used [0x00000000d5d80000,0x00000000d5d80000,0x00000000d5e80000)
 ParOldGen       total 278528K, used 278173K [0x0000000080000000, 0x0000000091000000, 0x00000000d5580000)
  object space 278528K, 99% used [0x0000000080000000,0x0000000090fa7498,0x0000000091000000)
 Metaspace       used 100548K, committed 102208K, reserved 1179648K
  class space    used 9925K, committed 10688K, reserved 1048576K
}
Event: 79269.203 GC heap before
{Heap before GC invocations=6713 (full 9):
 PSYoungGen      total 9216K, used 8992K [0x00000000d5580000, 0x00000000d5f80000, 0x0000000100000000)
  eden space 8192K, 100% used [0x00000000d5580000,0x00000000d5d80000,0x00000000d5d80000)
  from space 1024K, 78% used [0x00000000d5e80000,0x00000000d5f48000,0x00000000d5f80000)
  to   space 1024K, 0% used [0x00000000d5d80000,0x00000000d5d80000,0x00000000d5e80000)
 ParOldGen       total 278528K, used 278173K [0x0000000080000000, 0x0000000091000000, 0x00000000d5580000)
  object space 278528K, 99% used [0x0000000080000000,0x0000000090fa7498,0x0000000091000000)
 Metaspace       used 100548K, committed 102208K, reserved 1179648K
  class space    used 9925K, committed 10688K, reserved 1048576K
}
Event: 79269.205 GC heap after
{Heap after GC invocations=6713 (full 9):
 PSYoungGen      total 9216K, used 948K [0x00000000d5580000, 0x00000000d5f80000, 0x0000000100000000)
  eden space 8192K, 0% used [0x00000000d5580000,0x00000000d5580000,0x00000000d5d80000)
  from space 1024K, 92% used [0x00000000d5d80000,0x00000000d5e6d200,0x00000000d5e80000)
  to   space 1024K, 0% used [0x00000000d5e80000,0x00000000d5e80000,0x00000000d5f80000)
 ParOldGen       total 279040K, used 278937K [0x0000000080000000, 0x0000000091080000, 0x00000000d5580000)
  object space 279040K, 99% used [0x0000000080000000,0x00000000910664d8,0x0000000091080000)
 Metaspace       used 100548K, committed 102208K, reserved 1179648K
  class space    used 9925K, committed 10688K, reserved 1048576K
}
Event: 79277.935 GC heap before
{Heap before GC invocations=6714 (full 9):
 PSYoungGen      total 9216K, used 9140K [0x00000000d5580000, 0x00000000d5f80000, 0x0000000100000000)
  eden space 8192K, 100% used [0x00000000d5580000,0x00000000d5d80000,0x00000000d5d80000)
  from space 1024K, 92% used [0x00000000d5d80000,0x00000000d5e6d200,0x00000000d5e80000)
  to   space 1024K, 0% used [0x00000000d5e80000,0x00000000d5e80000,0x00000000d5f80000)
 ParOldGen       total 279040K, used 278937K [0x0000000080000000, 0x0000000091080000, 0x00000000d5580000)
  object space 279040K, 99% used [0x0000000080000000,0x00000000910664d8,0x0000000091080000)
 Metaspace       used 100548K, committed 102208K, reserved 1179648K
  class space    used 9925K, committed 10688K, reserved 1048576K
}
Event: 79277.939 GC heap after
{Heap after GC invocations=6714 (full 9):
 PSYoungGen      total 9216K, used 746K [0x00000000d5580000, 0x00000000d5f80000, 0x0000000100000000)
  eden space 8192K, 0% used [0x00000000d5580000,0x00000000d5580000,0x00000000d5d80000)
  from space 1024K, 72% used [0x00000000d5e80000,0x00000000d5f3a910,0x00000000d5f80000)
  to   space 1024K, 0% used [0x00000000d5d80000,0x00000000d5d80000,0x00000000d5e80000)
 ParOldGen       total 280064K, used 279773K [0x0000000080000000, 0x0000000091180000, 0x00000000d5580000)
  object space 280064K, 99% used [0x0000000080000000,0x0000000091137728,0x0000000091180000)
 Metaspace       used 100548K, committed 102208K, reserved 1179648K
  class space    used 9925K, committed 10688K, reserved 1048576K
}
Event: 79277.949 GC heap before
{Heap before GC invocations=6715 (full 9):
 PSYoungGen      total 9216K, used 8938K [0x00000000d5580000, 0x00000000d5f80000, 0x0000000100000000)
  eden space 8192K, 100% used [0x00000000d5580000,0x00000000d5d80000,0x00000000d5d80000)
  from space 1024K, 72% used [0x00000000d5e80000,0x00000000d5f3a910,0x00000000d5f80000)
  to   space 1024K, 0% used [0x00000000d5d80000,0x00000000d5d80000,0x00000000d5e80000)
 ParOldGen       total 280064K, used 279773K [0x0000000080000000, 0x0000000091180000, 0x00000000d5580000)
  object space 280064K, 99% used [0x0000000080000000,0x0000000091137728,0x0000000091180000)
 Metaspace       used 100548K, committed 102208K, reserved 1179648K
  class space    used 9925K, committed 10688K, reserved 1048576K
}
Event: 79277.951 GC heap after
{Heap after GC invocations=6715 (full 9):
 PSYoungGen      total 9216K, used 1012K [0x00000000d5580000, 0x00000000d6080000, 0x0000000100000000)
  eden space 8192K, 0% used [0x00000000d5580000,0x00000000d5580000,0x00000000d5d80000)
  from space 1024K, 98% used [0x00000000d5d80000,0x00000000d5e7d200,0x00000000d5e80000)
  to   space 1536K, 0% used [0x00000000d5f00000,0x00000000d5f00000,0x00000000d6080000)
 ParOldGen       total 280576K, used 280338K [0x0000000080000000, 0x0000000091200000, 0x00000000d5580000)
  object space 280576K, 99% used [0x0000000080000000,0x00000000911c4978,0x0000000091200000)
 Metaspace       used 100548K, committed 102208K, reserved 1179648K
  class space    used 9925K, committed 10688K, reserved 1048576K
}
Event: 79282.410 GC heap before
{Heap before GC invocations=6716 (full 9):
 PSYoungGen      total 9216K, used 9204K [0x00000000d5580000, 0x00000000d6080000, 0x0000000100000000)
  eden space 8192K, 100% used [0x00000000d5580000,0x00000000d5d80000,0x00000000d5d80000)
  from space 1024K, 98% used [0x00000000d5d80000,0x00000000d5e7d200,0x00000000d5e80000)
  to   space 1536K, 0% used [0x00000000d5f00000,0x00000000d5f00000,0x00000000d6080000)
 ParOldGen       total 280576K, used 280338K [0x0000000080000000, 0x0000000091200000, 0x00000000d5580000)
  object space 280576K, 99% used [0x0000000080000000,0x00000000911c4978,0x0000000091200000)
 Metaspace       used 100548K, committed 102208K, reserved 1179648K
  class space    used 9925K, committed 10688K, reserved 1048576K
}
Event: 79282.415 GC heap after
{Heap after GC invocations=6716 (full 9):
 PSYoungGen      total 9728K, used 1018K [0x00000000d5580000, 0x00000000d6080000, 0x0000000100000000)
  eden space 8192K, 0% used [0x00000000d5580000,0x00000000d5580000,0x00000000d5d80000)
  from space 1536K, 66% used [0x00000000d5f00000,0x00000000d5ffe900,0x00000000d6080000)
  to   space 1536K, 0% used [0x00000000d5d80000,0x00000000d5d80000,0x00000000d5f00000)
 ParOldGen       total 281600K, used 281254K [0x0000000080000000, 0x0000000091300000, 0x00000000d5580000)
  object space 281600K, 99% used [0x0000000080000000,0x00000000912a9bc8,0x0000000091300000)
 Metaspace       used 100548K, committed 102208K, reserved 1179648K
  class space    used 9925K, committed 10688K, reserved 1048576K
}
Event: 79319.301 GC heap before
{Heap before GC invocations=6717 (full 9):
 PSYoungGen      total 9728K, used 9210K [0x00000000d5580000, 0x00000000d6080000, 0x0000000100000000)
  eden space 8192K, 100% used [0x00000000d5580000,0x00000000d5d80000,0x00000000d5d80000)
  from space 1536K, 66% used [0x00000000d5f00000,0x00000000d5ffe900,0x00000000d6080000)
  to   space 1536K, 0% used [0x00000000d5d80000,0x00000000d5d80000,0x00000000d5f00000)
 ParOldGen       total 281600K, used 281254K [0x0000000080000000, 0x0000000091300000, 0x00000000d5580000)
  object space 281600K, 99% used [0x0000000080000000,0x00000000912a9bc8,0x0000000091300000)
 Metaspace       used 100548K, committed 102208K, reserved 1179648K
  class space    used 9925K, committed 10688K, reserved 1048576K
}
Event: 79319.303 GC heap after
{Heap after GC invocations=6717 (full 9):
 PSYoungGen      total 9216K, used 932K [0x00000000d5580000, 0x00000000d5f80000, 0x0000000100000000)
  eden space 8192K, 0% used [0x00000000d5580000,0x00000000d5580000,0x00000000d5d80000)
  from space 1024K, 91% used [0x00000000d5d80000,0x00000000d5e69210,0x00000000d5e80000)
  to   space 1024K, 0% used [0x00000000d5e80000,0x00000000d5e80000,0x00000000d5f80000)
 ParOldGen       total 282112K, used 282071K [0x0000000080000000, 0x0000000091380000, 0x00000000d5580000)
  object space 282112K, 99% used [0x0000000080000000,0x0000000091375c08,0x0000000091380000)
 Metaspace       used 100548K, committed 102208K, reserved 1179648K
  class space    used 9925K, committed 10688K, reserved 1048576K
}
Event: 79319.311 GC heap before
{Heap before GC invocations=6718 (full 9):
 PSYoungGen      total 9216K, used 9124K [0x00000000d5580000, 0x00000000d5f80000, 0x0000000100000000)
  eden space 8192K, 100% used [0x00000000d5580000,0x00000000d5d80000,0x00000000d5d80000)
  from space 1024K, 91% used [0x00000000d5d80000,0x00000000d5e69210,0x00000000d5e80000)
  to   space 1024K, 0% used [0x00000000d5e80000,0x00000000d5e80000,0x00000000d5f80000)
 ParOldGen       total 282112K, used 282071K [0x0000000080000000, 0x0000000091380000, 0x00000000d5580000)
  object space 282112K, 99% used [0x0000000080000000,0x0000000091375c08,0x0000000091380000)
 Metaspace       used 100548K, committed 102208K, reserved 1179648K
  class space    used 9925K, committed 10688K, reserved 1048576K
}
Event: 79319.313 GC heap after
{Heap after GC invocations=6718 (full 9):
 PSYoungGen      total 8192K, used 1018K [0x00000000d5580000, 0x00000000d6180000, 0x0000000100000000)
  eden space 7168K, 0% used [0x00000000d5580000,0x00000000d5580000,0x00000000d5c80000)
  from space 1024K, 99% used [0x00000000d5e80000,0x00000000d5f7e900,0x00000000d5f80000)
  to   space 2048K, 0% used [0x00000000d5c80000,0x00000000d5c80000,0x00000000d5e80000)
 ParOldGen       total 283136K, used 282827K [0x0000000080000000, 0x0000000091480000, 0x00000000d5580000)
  object space 283136K, 99% used [0x0000000080000000,0x0000000091432e48,0x0000000091480000)
 Metaspace       used 100548K, committed 102208K, reserved 1179648K
  class space    used 9925K, committed 10688K, reserved 1048576K
}
Event: 79321.082 GC heap before
{Heap before GC invocations=6719 (full 9):
 PSYoungGen      total 8192K, used 8186K [0x00000000d5580000, 0x00000000d6180000, 0x0000000100000000)
  eden space 7168K, 100% used [0x00000000d5580000,0x00000000d5c80000,0x00000000d5c80000)
  from space 1024K, 99% used [0x00000000d5e80000,0x00000000d5f7e900,0x00000000d5f80000)
  to   space 2048K, 0% used [0x00000000d5c80000,0x00000000d5c80000,0x00000000d5e80000)
 ParOldGen       total 283136K, used 282827K [0x0000000080000000, 0x0000000091480000, 0x00000000d5580000)
  object space 283136K, 99% used [0x0000000080000000,0x0000000091432e48,0x0000000091480000)
 Metaspace       used 100548K, committed 102208K, reserved 1179648K
  class space    used 9925K, committed 10688K, reserved 1048576K
}
Event: 79321.085 GC heap after
{Heap after GC invocations=6719 (full 9):
 PSYoungGen      total 8192K, used 634K [0x00000000d5580000, 0x00000000d5f80000, 0x0000000100000000)
  eden space 7168K, 0% used [0x00000000d5580000,0x00000000d5580000,0x00000000d5c80000)
  from space 1024K, 61% used [0x00000000d5c80000,0x00000000d5d1e900,0x00000000d5d80000)
  to   space 1536K, 0% used [0x00000000d5e00000,0x00000000d5e00000,0x00000000d5f80000)
 ParOldGen       total 284160K, used 283840K [0x0000000080000000, 0x0000000091580000, 0x00000000d5580000)
  object space 284160K, 99% used [0x0000000080000000,0x0000000091530098,0x0000000091580000)
 Metaspace       used 100548K, committed 102208K, reserved 1179648K
  class space    used 9925K, committed 10688K, reserved 1048576K
}
Event: 79321.092 GC heap before
{Heap before GC invocations=6720 (full 9):
 PSYoungGen      total 8192K, used 7802K [0x00000000d5580000, 0x00000000d5f80000, 0x0000000100000000)
  eden space 7168K, 100% used [0x00000000d5580000,0x00000000d5c80000,0x00000000d5c80000)
  from space 1024K, 61% used [0x00000000d5c80000,0x00000000d5d1e900,0x00000000d5d80000)
  to   space 1536K, 0% used [0x00000000d5e00000,0x00000000d5e00000,0x00000000d5f80000)
 ParOldGen       total 284160K, used 283840K [0x0000000080000000, 0x0000000091580000, 0x00000000d5580000)
  object space 284160K, 99% used [0x0000000080000000,0x0000000091530098,0x0000000091580000)
 Metaspace       used 100548K, committed 102208K, reserved 1179648K
  class space    used 9925K, committed 10688K, reserved 1048576K
}
Event: 79321.095 GC heap after
{Heap after GC invocations=6720 (full 9):
 PSYoungGen      total 8704K, used 960K [0x00000000d5580000, 0x00000000d5f80000, 0x0000000100000000)
  eden space 7168K, 0% used [0x00000000d5580000,0x00000000d5580000,0x00000000d5c80000)
  from space 1536K, 62% used [0x00000000d5e00000,0x00000000d5ef0000,0x00000000d5f80000)
  to   space 1536K, 0% used [0x00000000d5c80000,0x00000000d5c80000,0x00000000d5e00000)
 ParOldGen       total 284672K, used 284316K [0x0000000080000000, 0x0000000091600000, 0x00000000d5580000)
  object space 284672K, 99% used [0x0000000080000000,0x00000000915a72c8,0x0000000091600000)
 Metaspace       used 100548K, committed 102208K, reserved 1179648K
  class space    used 9925K, committed 10688K, reserved 1048576K
}

Dll operation events (12 events):
Event: 0.053 Loaded shared library c:\Users\ayush\.vscode\extensions\redhat.java-1.45.0-win32-x64\jre\21.0.8-win32-x86_64\bin\java.dll
Event: 0.103 Loaded shared library c:\Users\ayush\.vscode\extensions\redhat.java-1.45.0-win32-x64\jre\21.0.8-win32-x86_64\bin\zip.dll
Event: 0.122 Loaded shared library C:\Users\ayush\.vscode\extensions\redhat.java-1.45.0-win32-x64\jre\21.0.8-win32-x86_64\bin\instrument.dll
Event: 0.125 Loaded shared library C:\Users\ayush\.vscode\extensions\redhat.java-1.45.0-win32-x64\jre\21.0.8-win32-x86_64\bin\net.dll
Event: 0.127 Loaded shared library C:\Users\ayush\.vscode\extensions\redhat.java-1.45.0-win32-x64\jre\21.0.8-win32-x86_64\bin\nio.dll
Event: 0.129 Loaded shared library C:\Users\ayush\.vscode\extensions\redhat.java-1.45.0-win32-x64\jre\21.0.8-win32-x86_64\bin\zip.dll
Event: 0.143 Loaded shared library C:\Users\ayush\.vscode\extensions\redhat.java-1.45.0-win32-x64\jre\21.0.8-win32-x86_64\bin\jimage.dll
Event: 0.201 Loaded shared library c:\Users\ayush\.vscode\extensions\redhat.java-1.45.0-win32-x64\jre\21.0.8-win32-x86_64\bin\verify.dll
Event: 9.603 Loaded shared library C:\Users\ayush\AppData\Roaming\Code\User\globalStorage\redhat.java\1.45.0\config_win\org.eclipse.equinox.launcher\org.eclipse.equinox.launcher.win32.win32.x86_64_1.2.1400.v20250801-0854\eclipse_11916.dll
Event: 20.045 Loaded shared library C:\Users\ayush\AppData\Local\Temp\jna-93302354\jna6877895297243095545.dll
Event: 21.243 Loaded shared library C:\Users\ayush\.vscode\extensions\redhat.java-1.45.0-win32-x64\jre\21.0.8-win32-x86_64\bin\sunmscapi.dll
Event: 21.639 Loaded shared library C:\Users\ayush\.vscode\extensions\redhat.java-1.45.0-win32-x64\jre\21.0.8-win32-x86_64\bin\extnet.dll

Deoptimization events (20 events):
Event: 79266.076 Thread 0x000002a55126a1a0 Uncommon trap: trap_request=0xffffff45 fr.pc=0x000002a50988dcf8 relative=0x00000000000002b8
Event: 79266.076 Thread 0x000002a55126a1a0 Uncommon trap: reason=unstable_if action=reinterpret pc=0x000002a50988dcf8 method=org.eclipse.jdt.core.dom.ASTRecoveryPropagator.visitNode(Lorg/eclipse/jdt/core/dom/ASTNode;)Z @ 95 c2
Event: 79266.076 Thread 0x000002a55126a1a0 DEOPT PACKING pc=0x000002a50988dcf8 sp=0x000000ac19dfdb40
Event: 79266.077 Thread 0x000002a55126a1a0 DEOPT UNPACKING pc=0x000002a5074a3aa2 sp=0x000000ac19dfdad0 mode 2
Event: 79267.409 Thread 0x000002a55126b550 Uncommon trap: trap_request=0xfffffff4 fr.pc=0x000002a507ecf54c relative=0x000000000000250c
Event: 79267.409 Thread 0x000002a55126b550 Uncommon trap: reason=null_check action=make_not_entrant pc=0x000002a507ecf54c method=org.eclipse.jdt.internal.compiler.ast.MessageSend.resolveType(Lorg/eclipse/jdt/internal/compiler/lookup/BlockScope;)Lorg/eclipse/jdt/internal/compiler/lookup/TypeBinding
Event: 79267.409 Thread 0x000002a55126b550 DEOPT PACKING pc=0x000002a507ecf54c sp=0x000000ac1bdfdbd0
Event: 79267.409 Thread 0x000002a55126b550 DEOPT UNPACKING pc=0x000002a5074a3aa2 sp=0x000000ac1bdfdb60 mode 2
Event: 79267.413 Thread 0x000002a55126b550 Uncommon trap: trap_request=0xffffff45 fr.pc=0x000002a5081461b8 relative=0x00000000000002f8
Event: 79267.413 Thread 0x000002a55126b550 Uncommon trap: reason=unstable_if action=reinterpret pc=0x000002a5081461b8 method=org.eclipse.jdt.core.dom.ASTRecoveryPropagator.visitNode(Lorg/eclipse/jdt/core/dom/ASTNode;)Z @ 109 c2
Event: 79267.413 Thread 0x000002a55126b550 DEOPT PACKING pc=0x000002a5081461b8 sp=0x000000ac1bdfd6b0
Event: 79267.413 Thread 0x000002a55126b550 DEOPT UNPACKING pc=0x000002a5074a3aa2 sp=0x000000ac1bdfd5c8 mode 2
Event: 79267.413 Thread 0x000002a55126b550 Uncommon trap: trap_request=0xffffff45 fr.pc=0x000002a5096d3f6c relative=0x000000000000030c
Event: 79267.413 Thread 0x000002a55126b550 Uncommon trap: reason=unstable_if action=reinterpret pc=0x000002a5096d3f6c method=org.eclipse.jdt.core.dom.ASTRecoveryPropagator.visitNode(Lorg/eclipse/jdt/core/dom/ASTNode;)Z @ 95 c2
Event: 79267.413 Thread 0x000002a55126b550 DEOPT PACKING pc=0x000002a5096d3f6c sp=0x000000ac1bdfd6b0
Event: 79267.413 Thread 0x000002a55126b550 DEOPT UNPACKING pc=0x000002a5074a3aa2 sp=0x000000ac1bdfd5c8 mode 2
Event: 79267.917 Thread 0x000002a5510b4ed0 Uncommon trap: trap_request=0xffffff6e fr.pc=0x000002a5096b64f8 relative=0x0000000000001078
Event: 79267.917 Thread 0x000002a5510b4ed0 Uncommon trap: reason=loop_limit_check action=maybe_recompile pc=0x000002a5096b64f8 method=org.eclipse.jdt.internal.compiler.lookup.MethodVerifier.computeMethods()V @ 140 c2
Event: 79267.917 Thread 0x000002a5510b4ed0 DEOPT PACKING pc=0x000002a5096b64f8 sp=0x000000ac18cfe500
Event: 79267.917 Thread 0x000002a5510b4ed0 DEOPT UNPACKING pc=0x000002a5074a3aa2 sp=0x000000ac18cfe4c0 mode 2

Classes loaded (20 events):
Event: 77957.421 Loading class jdk/internal/module/IllegalAccessLogger
Event: 77957.421 Loading class jdk/internal/module/IllegalAccessLogger done
Event: 78084.771 Loading class jdk/internal/module/IllegalAccessLogger
Event: 78084.771 Loading class jdk/internal/module/IllegalAccessLogger done
Event: 78181.871 Loading class jdk/internal/module/IllegalAccessLogger
Event: 78181.871 Loading class jdk/internal/module/IllegalAccessLogger done
Event: 78187.327 Loading class jdk/internal/module/IllegalAccessLogger
Event: 78187.327 Loading class jdk/internal/module/IllegalAccessLogger done
Event: 78271.824 Loading class java/lang/StringLatin1$CharsSpliterator
Event: 78271.824 Loading class java/lang/StringLatin1$CharsSpliterator done
Event: 78967.636 Loading class jdk/internal/module/IllegalAccessLogger
Event: 78967.636 Loading class jdk/internal/module/IllegalAccessLogger done
Event: 79117.345 Loading class jdk/internal/module/IllegalAccessLogger
Event: 79117.345 Loading class jdk/internal/module/IllegalAccessLogger done
Event: 79221.470 Loading class jdk/internal/module/IllegalAccessLogger
Event: 79221.470 Loading class jdk/internal/module/IllegalAccessLogger done
Event: 79247.428 Loading class jdk/internal/module/IllegalAccessLogger
Event: 79247.428 Loading class jdk/internal/module/IllegalAccessLogger done
Event: 79248.739 Loading class jdk/internal/module/IllegalAccessLogger
Event: 79248.739 Loading class jdk/internal/module/IllegalAccessLogger done

Classes unloaded (20 events):
Event: 78084.547 Thread 0x000002a5760e4b10 Unloading class 0x000002a5109c1400 'java/lang/invoke/LambdaForm$MH+0x000002a5109c1400'
Event: 78084.547 Thread 0x000002a5760e4b10 Unloading class 0x000002a5109c1000 'java/lang/invoke/LambdaForm$MH+0x000002a5109c1000'
Event: 78084.547 Thread 0x000002a5760e4b10 Unloading class 0x000002a5109c4400 'java/lang/invoke/LambdaForm$MH+0x000002a5109c4400'
Event: 78084.547 Thread 0x000002a5760e4b10 Unloading class 0x000002a5109c4000 'java/lang/invoke/LambdaForm$MH+0x000002a5109c4000'
Event: 78084.547 Thread 0x000002a5760e4b10 Unloading class 0x000002a5109c6000 'java/lang/invoke/LambdaForm$MH+0x000002a5109c6000'
Event: 78084.547 Thread 0x000002a5760e4b10 Unloading class 0x000002a51085e400 'java/lang/invoke/LambdaForm$MH+0x000002a51085e400'
Event: 78084.547 Thread 0x000002a5760e4b10 Unloading class 0x000002a510277000 'java/lang/invoke/LambdaForm$MH+0x000002a510277000'
Event: 78084.547 Thread 0x000002a5760e4b10 Unloading class 0x000002a510a15c00 'java/lang/invoke/LambdaForm$MH+0x000002a510a15c00'
Event: 78084.547 Thread 0x000002a5760e4b10 Unloading class 0x000002a510a15800 'java/lang/invoke/LambdaForm$MH+0x000002a510a15800'
Event: 78084.547 Thread 0x000002a5760e4b10 Unloading class 0x000002a510a15000 'java/lang/invoke/LambdaForm$MH+0x000002a510a15000'
Event: 78084.547 Thread 0x000002a5760e4b10 Unloading class 0x000002a510a14c00 'java/lang/invoke/LambdaForm$MH+0x000002a510a14c00'
Event: 78084.547 Thread 0x000002a5760e4b10 Unloading class 0x000002a510a14800 'java/lang/invoke/LambdaForm$MH+0x000002a510a14800'
Event: 78084.547 Thread 0x000002a5760e4b10 Unloading class 0x000002a510914400 'java/lang/invoke/LambdaForm$MH+0x000002a510914400'
Event: 78084.547 Thread 0x000002a5760e4b10 Unloading class 0x000002a510914800 'java/lang/invoke/LambdaForm$MH+0x000002a510914800'
Event: 78084.547 Thread 0x000002a5760e4b10 Unloading class 0x000002a510915400 'java/lang/invoke/LambdaForm$MH+0x000002a510915400'
Event: 78084.548 Thread 0x000002a5760e4b10 Unloading class 0x000002a5101d8400 'java/lang/invoke/LambdaForm$BMH+0x000002a5101d8400'
Event: 78084.548 Thread 0x000002a5760e4b10 Unloading class 0x000002a510014800 'java/lang/invoke/LambdaForm$MH+0x000002a510014800'
Event: 78084.548 Thread 0x000002a5760e4b10 Unloading class 0x000002a510000400 'java/lang/invoke/LambdaForm$MH+0x000002a510000400'
Event: 79247.504 Thread 0x000002a5760e4b10 Unloading class 0x000002a5101d4000 'java/lang/invoke/LambdaForm$MH+0x000002a5101d4000'
Event: 79247.504 Thread 0x000002a5760e4b10 Unloading class 0x000002a510928800 'java/lang/invoke/LambdaForm$DMH+0x000002a510928800'

Classes redefined (0 events):
No events

Internal exceptions (20 events):
Event: 79079.555 Thread 0x000002a5510b5bf0 Exception <a 'java/lang/ClassNotFoundException'{0x00000000d58327f8}: sun/net/www/protocol/jdt/Handler> (0x00000000d58327f8) 
thrown [s\src\hotspot\share\classfile\systemDictionary.cpp, line 312]
Event: 79084.845 Thread 0x000002a5510b5bf0 Implicit null exception at 0x000002a50840fadf to 0x000002a508412b08
Event: 79092.097 Thread 0x000002a5510b6910 Exception <a 'java/lang/ClassNotFoundException'{0x00000000d5afbdb0}: sun/net/www/protocol/jdt/Handler> (0x00000000d5afbdb0) 
thrown [s\src\hotspot\share\classfile\systemDictionary.cpp, line 312]
Event: 79117.234 Thread 0x000002a5796a3ab0 Exception <a 'sun/nio/fs/WindowsException'{0x00000000d578b8e0}> (0x00000000d578b8e0) 
thrown [s\src\hotspot\share\prims\jni.cpp, line 520]
Event: 79117.370 Thread 0x000002a5796a3ab0 Exception <a 'sun/nio/fs/WindowsException'{0x00000000d55807f8}> (0x00000000d55807f8) 
thrown [s\src\hotspot\share\prims\jni.cpp, line 520]
Event: 79169.635 Thread 0x000002a55144b360 Implicit null exception at 0x000002a50948387a to 0x000002a509483a3c
Event: 79206.173 Thread 0x000002a55126b550 Exception <a 'java/lang/NoSuchMethodError'{0x00000000d5da9300}: 'void java.lang.invoke.DelegatingMethodHandle$Holder.reinvoke_L(java.lang.Object, java.lang.Object, java.lang.Object, int, java.lang.Object, int, int)'> (0x00000000d5da9300) 
thrown [s\src\hotspot\share\interpreter\linkResolver.cpp, line 773]
Event: 79206.179 Thread 0x000002a55126b550 Implicit null exception at 0x000002a50886deb4 to 0x000002a508871f60
Event: 79206.183 Thread 0x000002a55126b550 Implicit null exception at 0x000002a5086b2bb4 to 0x000002a5086b8948
Event: 79206.183 Thread 0x000002a55126b550 Implicit null exception at 0x000002a508f79d48 to 0x000002a508f79dc4
Event: 79221.341 Thread 0x000002a5796a3ab0 Exception <a 'sun/nio/fs/WindowsException'{0x00000000d5748718}> (0x00000000d5748718) 
thrown [s\src\hotspot\share\prims\jni.cpp, line 520]
Event: 79221.501 Thread 0x000002a5796a3ab0 Exception <a 'sun/nio/fs/WindowsException'{0x00000000d5580598}> (0x00000000d5580598) 
thrown [s\src\hotspot\share\prims\jni.cpp, line 520]
Event: 79227.924 Thread 0x000002a55126b550 Implicit null exception at 0x000002a509877a78 to 0x000002a5098792b4
Event: 79241.421 Thread 0x000002a55126a1a0 Implicit null exception at 0x000002a5097aaf30 to 0x000002a5097ac304
Event: 79241.421 Thread 0x000002a55126a1a0 Implicit null exception at 0x000002a5097aaf29 to 0x000002a5097ac2e8
Event: 79247.298 Thread 0x000002a5796a3ab0 Exception <a 'sun/nio/fs/WindowsException'{0x00000000d5a6ccc8}> (0x00000000d5a6ccc8) 
thrown [s\src\hotspot\share\prims\jni.cpp, line 520]
Event: 79247.455 Thread 0x000002a5796a3ab0 Exception <a 'sun/nio/fs/WindowsException'{0x00000000d55b17b0}> (0x00000000d55b17b0) 
thrown [s\src\hotspot\share\prims\jni.cpp, line 520]
Event: 79267.409 Thread 0x000002a55126b550 Implicit null exception at 0x000002a507ecd10c to 0x000002a507ecf53c
Event: 79267.543 Thread 0x000002a5510b4ed0 Exception <a 'sun/nio/fs/WindowsException'{0x00000000d5a35cb0}> (0x00000000d5a35cb0) 
thrown [s\src\hotspot\share\prims\jni.cpp, line 520]
Event: 79267.543 Thread 0x000002a5510b4ed0 Exception <a 'sun/nio/fs/WindowsException'{0x00000000d5a368a8}> (0x00000000d5a368a8) 
thrown [s\src\hotspot\share\prims\jni.cpp, line 520]

ZGC Phase Switch (0 events):
No events

VM Operations (20 events):
Event: 81368.116 Executing VM operation: HandshakeAllThreads (HandshakeForDeflation)
Event: 81368.126 Executing VM operation: HandshakeAllThreads (HandshakeForDeflation) done
Event: 81368.126 Executing VM operation: RendezvousGCThreads
Event: 81368.127 Executing VM operation: RendezvousGCThreads done
Event: 82269.990 Executing VM operation: HandshakeAllThreads (HandshakeForDeflation)
Event: 82270.001 Executing VM operation: HandshakeAllThreads (HandshakeForDeflation) done
Event: 82270.001 Executing VM operation: RendezvousGCThreads
Event: 82270.001 Executing VM operation: RendezvousGCThreads done
Event: 83172.025 Executing VM operation: HandshakeAllThreads (HandshakeForDeflation)
Event: 83172.044 Executing VM operation: HandshakeAllThreads (HandshakeForDeflation) done
Event: 83172.045 Executing VM operation: RendezvousGCThreads
Event: 83172.045 Executing VM operation: RendezvousGCThreads done
Event: 84073.550 Executing VM operation: HandshakeAllThreads (HandshakeForDeflation)
Event: 84073.555 Executing VM operation: HandshakeAllThreads (HandshakeForDeflation) done
Event: 84073.555 Executing VM operation: RendezvousGCThreads
Event: 84073.555 Executing VM operation: RendezvousGCThreads done
Event: 84974.915 Executing VM operation: HandshakeAllThreads (HandshakeForDeflation)
Event: 84974.919 Executing VM operation: HandshakeAllThreads (HandshakeForDeflation) done
Event: 84974.919 Executing VM operation: RendezvousGCThreads
Event: 84974.919 Executing VM operation: RendezvousGCThreads done

Memory protections (0 events):
No events

Nmethod flushes (20 events):
Event: 79247.551 Thread 0x000002a5760e4b10 flushing  nmethod 0x000002a503733490
Event: 79247.551 Thread 0x000002a5760e4b10 flushing  nmethod 0x000002a50375e490
Event: 79247.551 Thread 0x000002a5760e4b10 flushing  nmethod 0x000002a50375ea10
Event: 79247.551 Thread 0x000002a5760e4b10 flushing  nmethod 0x000002a50375fb90
Event: 79247.551 Thread 0x000002a5760e4b10 flushing  nmethod 0x000002a503762910
Event: 79247.551 Thread 0x000002a5760e4b10 flushing  nmethod 0x000002a50377bc90
Event: 79247.551 Thread 0x000002a5760e4b10 flushing  nmethod 0x000002a50377ed10
Event: 79247.551 Thread 0x000002a5760e4b10 flushing  nmethod 0x000002a50377f810
Event: 79247.551 Thread 0x000002a5760e4b10 flushing  nmethod 0x000002a50377fd10
Event: 79247.551 Thread 0x000002a5760e4b10 flushing  nmethod 0x000002a503780a90
Event: 79247.551 Thread 0x000002a5760e4b10 flushing  nmethod 0x000002a503785790
Event: 79247.551 Thread 0x000002a5760e4b10 flushing  nmethod 0x000002a503799e90
Event: 79247.551 Thread 0x000002a5760e4b10 flushing  nmethod 0x000002a50379da10
Event: 79247.551 Thread 0x000002a5760e4b10 flushing  nmethod 0x000002a5037ae790
Event: 79247.551 Thread 0x000002a5760e4b10 flushing  nmethod 0x000002a5037e5b10
Event: 79247.551 Thread 0x000002a5760e4b10 flushing  nmethod 0x000002a503806d10
Event: 79247.551 Thread 0x000002a5760e4b10 flushing  nmethod 0x000002a503807710
Event: 79247.551 Thread 0x000002a5760e4b10 flushing  nmethod 0x000002a503808490
Event: 79247.551 Thread 0x000002a5760e4b10 flushing  nmethod 0x000002a50381b590
Event: 79247.551 Thread 0x000002a5760e4b10 flushing  nmethod 0x000002a503837810

Events (20 events):
Event: 79547.444 Thread 0x000002a5796a2070 Thread exited: 0x000002a5796a2070
Event: 79547.444 Thread 0x000002a5510b6910 Thread exited: 0x000002a5510b6910
Event: 79547.444 Thread 0x000002a5796a19e0 Thread exited: 0x000002a5796a19e0
Event: 79548.729 Thread 0x000002a55dbc6110 Thread exited: 0x000002a55dbc6110
Event: 79561.114 Thread 0x000002a551449290 Thread exited: 0x000002a551449290
Event: 79621.125 Thread 0x000002a55dbc81e0 Thread exited: 0x000002a55dbc81e0
Event: 79865.899 Thread 0x000002a55144fb90 Thread exited: 0x000002a55144fb90
Event: 79925.927 Thread 0x000002a55144acd0 Thread exited: 0x000002a55144acd0
Event: 79985.930 Thread 0x000002a55144b360 Thread exited: 0x000002a55144b360
Event: 80045.951 Thread 0x000002a55144ee70 Thread exited: 0x000002a55144ee70
Event: 80105.971 Thread 0x000002a55dbc53f0 Thread exited: 0x000002a55dbc53f0
Event: 80165.985 Thread 0x000002a5510b5bf0 Thread exited: 0x000002a5510b5bf0
Event: 80225.991 Thread 0x000002a5510b9d90 Thread exited: 0x000002a5510b9d90
Event: 80286.012 Thread 0x000002a5510b6280 Thread exited: 0x000002a5510b6280
Event: 80346.025 Thread 0x000002a55144f500 Thread exited: 0x000002a55144f500
Event: 80406.040 Thread 0x000002a55144c710 Thread exited: 0x000002a55144c710
Event: 80466.058 Thread 0x000002a55144e150 Thread exited: 0x000002a55144e150
Event: 80526.071 Thread 0x000002a55126bbe0 Thread exited: 0x000002a55126bbe0
Event: 80586.094 Thread 0x000002a551448c00 Thread exited: 0x000002a551448c00
Event: 80646.124 Thread 0x000002a55126c900 Thread exited: 0x000002a55126c900


Dynamic libraries:
0x00007ff61bfc0000 - 0x00007ff61bfce000 	c:\Users\ayush\.vscode\extensions\redhat.java-1.45.0-win32-x64\jre\21.0.8-win32-x86_64\bin\java.exe
0x00007fff3d2e0000 - 0x00007fff3d549000 	C:\Windows\SYSTEM32\ntdll.dll
0x00007fff3b920000 - 0x00007fff3b9e9000 	C:\Windows\System32\KERNEL32.DLL
0x00007fff3aa30000 - 0x00007fff3ae23000 	C:\Windows\System32\KERNELBASE.dll
0x00007fff3ae30000 - 0x00007fff3af7b000 	C:\Windows\System32\ucrtbase.dll
0x00007fff08050000 - 0x00007fff0806e000 	c:\Users\ayush\.vscode\extensions\redhat.java-1.45.0-win32-x64\jre\21.0.8-win32-x86_64\bin\VCRUNTIME140.dll
0x00007fff0e070000 - 0x00007fff0e088000 	c:\Users\ayush\.vscode\extensions\redhat.java-1.45.0-win32-x64\jre\21.0.8-win32-x86_64\bin\jli.dll
0x00007fff3bc80000 - 0x00007fff3be44000 	C:\Windows\System32\USER32.dll
0x00007fff18400000 - 0x00007fff18693000 	C:\Windows\WinSxS\amd64_microsoft.windows.common-controls_6595b64144ccf1df_6.0.26100.5074_none_3e0d6f78e32fd63f\COMCTL32.dll
0x00007fff3aa00000 - 0x00007fff3aa27000 	C:\Windows\System32\win32u.dll
0x00007fff3b670000 - 0x00007fff3b69b000 	C:\Windows\System32\GDI32.dll
0x00007fff3b9f0000 - 0x00007fff3ba99000 	C:\Windows\System32\msvcrt.dll
0x00007fff3af80000 - 0x00007fff3b0ad000 	C:\Windows\System32\gdi32full.dll
0x00007fff3a950000 - 0x00007fff3a9f3000 	C:\Windows\System32\msvcp_win.dll
0x00007fff3b600000 - 0x00007fff3b62f000 	C:\Windows\System32\IMM32.DLL
0x00007fff08040000 - 0x00007fff0804c000 	c:\Users\ayush\.vscode\extensions\redhat.java-1.45.0-win32-x64\jre\21.0.8-win32-x86_64\bin\vcruntime140_1.dll
0x00007ffecbf10000 - 0x00007ffecbf9d000 	c:\Users\ayush\.vscode\extensions\redhat.java-1.45.0-win32-x64\jre\21.0.8-win32-x86_64\bin\msvcp140.dll
0x00007ffecaac0000 - 0x00007ffecb857000 	c:\Users\ayush\.vscode\extensions\redhat.java-1.45.0-win32-x64\jre\21.0.8-win32-x86_64\bin\server\jvm.dll
0x00007fff3b860000 - 0x00007fff3b914000 	C:\Windows\System32\ADVAPI32.dll
0x00007fff3b550000 - 0x00007fff3b5f6000 	C:\Windows\System32\sechost.dll
0x00007fff3cfb0000 - 0x00007fff3d0c8000 	C:\Windows\System32\RPCRT4.dll
0x00007fff3cea0000 - 0x00007fff3cf14000 	C:\Windows\System32\WS2_32.dll
0x00007fff3a2d0000 - 0x00007fff3a32e000 	C:\Windows\SYSTEM32\POWRPROF.dll
0x00007fff31680000 - 0x00007fff316b5000 	C:\Windows\SYSTEM32\WINMM.dll
0x00007fff286f0000 - 0x00007fff286fb000 	C:\Windows\SYSTEM32\VERSION.dll
0x00007fff3a2b0000 - 0x00007fff3a2c4000 	C:\Windows\SYSTEM32\UMPDC.dll
0x00007fff391b0000 - 0x00007fff391cb000 	C:\Windows\SYSTEM32\kernel.appcore.dll
0x00007fff08030000 - 0x00007fff0803a000 	c:\Users\ayush\.vscode\extensions\redhat.java-1.45.0-win32-x64\jre\21.0.8-win32-x86_64\bin\jimage.dll
0x00007fff375f0000 - 0x00007fff37832000 	C:\Windows\SYSTEM32\DBGHELP.DLL
0x00007fff3b0b0000 - 0x00007fff3b42b000 	C:\Windows\System32\combase.dll
0x00007fff3b760000 - 0x00007fff3b837000 	C:\Windows\System32\OLEAUT32.dll
0x00007fff16ea0000 - 0x00007fff16edd000 	C:\Windows\SYSTEM32\dbgcore.DLL
0x00007fff3a470000 - 0x00007fff3a509000 	C:\Windows\System32\bcryptPrimitives.dll
0x00007fff00670000 - 0x00007fff0067f000 	c:\Users\ayush\.vscode\extensions\redhat.java-1.45.0-win32-x64\jre\21.0.8-win32-x86_64\bin\instrument.dll
0x00007ffecbef0000 - 0x00007ffecbf0f000 	c:\Users\ayush\.vscode\extensions\redhat.java-1.45.0-win32-x64\jre\21.0.8-win32-x86_64\bin\java.dll
0x00007fff3c500000 - 0x00007fff3cc4d000 	C:\Windows\System32\SHELL32.dll
0x00007fff3a7e0000 - 0x00007fff3a94c000 	C:\Windows\System32\wintypes.dll
0x00007fff380d0000 - 0x00007fff38929000 	C:\Windows\SYSTEM32\windows.storage.dll
0x00007fff3d1a0000 - 0x00007fff3d290000 	C:\Windows\System32\SHCORE.dll
0x00007fff3cc50000 - 0x00007fff3ccb2000 	C:\Windows\System32\shlwapi.dll
0x00007fff3a390000 - 0x00007fff3a3b9000 	C:\Windows\SYSTEM32\profapi.dll
0x00007ffecbed0000 - 0x00007ffecbee8000 	c:\Users\ayush\.vscode\extensions\redhat.java-1.45.0-win32-x64\jre\21.0.8-win32-x86_64\bin\zip.dll
0x00007fff00660000 - 0x00007fff00670000 	C:\Users\ayush\.vscode\extensions\redhat.java-1.45.0-win32-x64\jre\21.0.8-win32-x86_64\bin\net.dll
0x00007fff2bbe0000 - 0x00007fff2bcff000 	C:\Windows\SYSTEM32\WINHTTP.dll
0x00007fff397d0000 - 0x00007fff3983b000 	C:\Windows\system32\mswsock.dll
0x00007ffecbeb0000 - 0x00007ffecbec6000 	C:\Users\ayush\.vscode\extensions\redhat.java-1.45.0-win32-x64\jre\21.0.8-win32-x86_64\bin\nio.dll
0x00007ffecbea0000 - 0x00007ffecbeb0000 	c:\Users\ayush\.vscode\extensions\redhat.java-1.45.0-win32-x64\jre\21.0.8-win32-x86_64\bin\verify.dll
0x00007fff006e0000 - 0x00007fff00724000 	C:\Users\ayush\AppData\Roaming\Code\User\globalStorage\redhat.java\1.45.0\config_win\org.eclipse.equinox.launcher\org.eclipse.equinox.launcher.win32.win32.x86_64_1.2.1400.v20250801-0854\eclipse_11916.dll
0x00007fff3be50000 - 0x00007fff3bfe8000 	C:\Windows\System32\ole32.dll
0x00007fff39a70000 - 0x00007fff39a8b000 	C:\Windows\SYSTEM32\CRYPTSP.dll
0x00007fff391d0000 - 0x00007fff3920b000 	C:\Windows\system32\rsaenh.dll
0x00007fff39870000 - 0x00007fff3989b000 	C:\Windows\SYSTEM32\USERENV.dll
0x00007fff3a360000 - 0x00007fff3a386000 	C:\Windows\SYSTEM32\bcrypt.dll
0x00007fff39a90000 - 0x00007fff39a9c000 	C:\Windows\SYSTEM32\CRYPTBASE.dll
0x00007fff38d00000 - 0x00007fff38d34000 	C:\Windows\SYSTEM32\IPHLPAPI.DLL
0x00007fff3b850000 - 0x00007fff3b85a000 	C:\Windows\System32\NSI.dll
0x00007ffef18b0000 - 0x00007ffef18f9000 	C:\Users\ayush\AppData\Local\Temp\jna-93302354\jna6877895297243095545.dll
0x00007fff3c000000 - 0x00007fff3c008000 	C:\Windows\System32\PSAPI.DLL
0x00007fff312f0000 - 0x00007fff3130e000 	C:\Windows\SYSTEM32\dhcpcsvc6.DLL
0x00007fff30e30000 - 0x00007fff30e53000 	C:\Windows\SYSTEM32\dhcpcsvc.DLL
0x00007fff35230000 - 0x00007fff3523e000 	C:\Users\ayush\.vscode\extensions\redhat.java-1.45.0-win32-x64\jre\21.0.8-win32-x86_64\bin\sunmscapi.dll
0x00007fff3a660000 - 0x00007fff3a7d7000 	C:\Windows\System32\CRYPT32.dll
0x00007fff39c90000 - 0x00007fff39cc0000 	C:\Windows\SYSTEM32\ncrypt.dll
0x00007fff39c40000 - 0x00007fff39c7f000 	C:\Windows\SYSTEM32\NTASN1.dll
0x00007fff38de0000 - 0x00007fff38f06000 	C:\Windows\SYSTEM32\DNSAPI.dll
0x00000000711d0000 - 0x00000000711db000 	C:\Program Files\National Instruments\Shared\mDNS Responder\nimdnsNSP.dll
0x00000000711b0000 - 0x00000000711c1000 	C:\Windows\SYSTEM32\nimdnsResponder.dll
0x00007fff2b980000 - 0x00007fff2b98b000 	C:\Windows\System32\rasadhlp.dll
0x00007fff32fa0000 - 0x00007fff33026000 	C:\Windows\System32\fwpuclnt.dll
0x00007fff35220000 - 0x00007fff35229000 	C:\Users\ayush\.vscode\extensions\redhat.java-1.45.0-win32-x64\jre\21.0.8-win32-x86_64\bin\extnet.dll
0x00007fff07f40000 - 0x00007fff07f48000 	C:\Windows\system32\wshunix.dll

JVMTI agents:
c:\Users\ayush\.vscode\extensions\redhat.java-1.45.0-win32-x64\lombok\lombok-1.18.39-4050.jar path:c:\Users\ayush\.vscode\extensions\redhat.java-1.45.0-win32-x64\jre\21.0.8-win32-x86_64\bin\instrument.dll, loaded, initialized, instrumentlib options:none

dbghelp: loaded successfully - version: 4.0.5 - missing functions: none
symbol engine: initialized successfully - sym options: 0x614 - pdb path: .;c:\Users\ayush\.vscode\extensions\redhat.java-1.45.0-win32-x64\jre\21.0.8-win32-x86_64\bin;C:\Windows\SYSTEM32;C:\Windows\WinSxS\amd64_microsoft.windows.common-controls_6595b64144ccf1df_6.0.26100.5074_none_3e0d6f78e32fd63f;c:\Users\ayush\.vscode\extensions\redhat.java-1.45.0-win32-x64\jre\21.0.8-win32-x86_64\bin\server;C:\Users\ayush\AppData\Roaming\Code\User\globalStorage\redhat.java\1.45.0\config_win\org.eclipse.equinox.launcher\org.eclipse.equinox.launcher.win32.win32.x86_64_1.2.1400.v20250801-0854;C:\Users\ayush\AppData\Local\Temp\jna-93302354;C:\Program Files\National Instruments\Shared\mDNS Responder

VM Arguments:
jvm_args: --add-modules=ALL-SYSTEM --add-opens=java.base/java.util=ALL-UNNAMED --add-opens=java.base/java.lang=ALL-UNNAMED --add-opens=java.base/sun.nio.fs=ALL-UNNAMED -Declipse.application=org.eclipse.jdt.ls.core.id1 -Dosgi.bundles.defaultStartLevel=4 -Declipse.product=org.eclipse.jdt.ls.core.product -Djava.import.generatesMetadataFilesAtProjectRoot=false -DDetectVMInstallationsJob.disabled=true -Dfile.encoding=utf8 -XX:+UseParallelGC -XX:GCTimeRatio=4 -XX:AdaptiveSizePolicyWeight=90 -Dsun.zip.disableMemoryMapping=true -Xmx2G -Xms100m -Xlog:disable -javaagent:c:\Users\ayush\.vscode\extensions\redhat.java-1.45.0-win32-x64\lombok\lombok-1.18.39-4050.jar -XX:+HeapDumpOnOutOfMemoryError -XX:HeapDumpPath=c:\Users\ayush\AppData\Roaming\Code\User\workspaceStorage\a08dc35d963468808c61ab5053c7b1a0\redhat.java -Daether.dependencyCollector.impl=bf 
java_command: c:\Users\ayush\.vscode\extensions\redhat.java-1.45.0-win32-x64\server\plugins\org.eclipse.equinox.launcher_1.7.0.v20250519-0528.jar -configuration c:\Users\ayush\AppData\Roaming\Code\User\globalStorage\redhat.java\1.45.0\config_win -data c:\Users\ayush\AppData\Roaming\Code\User\workspaceStorage\a08dc35d963468808c61ab5053c7b1a0\redhat.java\jdt_ws --pipe=\\.\pipe\lsp-20340732657e3acc6a27fde2d5b1e4d5-sock
java_class_path (initial): c:\Users\ayush\.vscode\extensions\redhat.java-1.45.0-win32-x64\server\plugins\org.eclipse.equinox.launcher_1.7.0.v20250519-0528.jar
Launcher Type: SUN_STANDARD

[Global flags]
    uintx AdaptiveSizePolicyWeight                 = 90                                        {product} {command line}
     intx CICompilerCount                          = 12                                        {product} {ergonomic}
    uintx GCTimeRatio                              = 4                                         {product} {command line}
     bool HeapDumpOnOutOfMemoryError               = true                                   {manageable} {command line}
    ccstr HeapDumpPath                             = c:\Users\ayush\AppData\Roaming\Code\User\workspaceStorage\a08dc35d963468808c61ab5053c7b1a0\redhat.java         {manageable} {command line}
   size_t InitialHeapSize                          = 104857600                                 {product} {command line}
   size_t MaxHeapSize                              = 2147483648                                {product} {command line}
   size_t MaxNewSize                               = 715653120                                 {product} {ergonomic}
   size_t MinHeapDeltaBytes                        = 524288                                    {product} {ergonomic}
   size_t MinHeapSize                              = 104857600                                 {product} {command line}
   size_t NewSize                                  = 34603008                                  {product} {ergonomic}
    uintx NonNMethodCodeHeapSize                   = 7602480                                {pd product} {ergonomic}
    uintx NonProfiledCodeHeapSize                  = 122027880                              {pd product} {ergonomic}
   size_t OldSize                                  = 70254592                                  {product} {ergonomic}
    uintx ProfiledCodeHeapSize                     = 122027880                              {pd product} {ergonomic}
    uintx ReservedCodeCacheSize                    = 251658240                              {pd product} {ergonomic}
     bool SegmentedCodeCache                       = true                                      {product} {ergonomic}
   size_t SoftMaxHeapSize                          = 2147483648                             {manageable} {ergonomic}
     bool UseCompressedOops                        = true                           {product lp64_product} {ergonomic}
     bool UseLargePagesIndividualAllocation        = false                                  {pd product} {ergonomic}
     bool UseParallelGC                            = true                                      {product} {command line}

Logging:
Log output configuration:
 #0: stdout all=off uptime,level,tags foldmultilines=false
 #1: stderr all=off uptime,level,tags foldmultilines=false

Environment Variables:
JAVA_HOME=C:\Program Files\Microsoft\jdk-17.0.12.7-hotspot
CLASSPATH=.;C:\mysql-connector-j-9.1.0\mysql-connector-j-9.1.0.jar;

PATH=C:\Program Files\Common Files\Oracle\Java\javapath;C:\Program Files\Microsoft\jdk-17.0.12.7-hotspot\bin;C:\Program Files (x86)\Microchip\mplabc18\v3.46\mpasm;C:\Program Files (x86)\Microchip\mplabc18\v3.46\bin;C:\WINDOWS\system32;C:\WINDOWS;C:\WINDOWS\System32\Wbem;C:\WINDOWS\System32\WindowsPowerShell\v1.0\;C:\WINDOWS\System32\OpenSSH\;C:\MinGW\bin;C:\Program Files\HP\HP One Agent;C:\Program Files (x86)\Flash Magic;C:\Program Files\dotnet\;C:\Program Files\Git\cmd;C:\Program Files\Docker\Docker\resources\bin;C:\Users\ayush\AppData\Local\Android\Sdk\platform-tools;C:\ProgramData\chocolatey\bin;C:\Program Files\MySQL\MySQL Server 8.0\bin;C:\WINDOWS\system32;C:\WINDOWS;C:\WINDOWS\System32\Wbem;C:\WINDOWS\System32\WindowsPowerShell\v1.0\;C:\WINDOWS\System32\OpenSSH\;C:\Program Files\nodejs;C:\Program Files\nodejs\;C:\Users\ayush\AppData\Local\Android\Sdk\tools;C:\Users\ayush\AppData\Local\jdk-11.0.2\bin;C:\Users\ayush\AppData\Local\Microsoft\WindowsApps;C:\Users\ayush\AppData\Local\Programs\Microsoft VS Code\bin;C:\Users\ayush\AppData\Local\Programs\MiKTeX\miktex\bin\x64\;C:\Program Files\heroku\bin;C:\Users\ayush\AppData\Local\Microsoft\WindowsApps;C:\Users\ayush\AppData\Roaming\npm;C:\Program Files\nodejs;C:\Program Files\nodejs;C:\Program Files\PostgreSQL\16\bin;C:\ffmpeg-7.1.1-essentials_build\bin;C:\Users\ayush\AppData\Local\Programs\Python\Python310\;C:\Users\ayush\AppData\Local\Programs\Python\Python310\Scripts\;C:\Program Files\Pandoc\;C:\Program Files\OpenSSL-Win64\bin;C:\Program Files\Go\bin;C:\kafka_2.13-3.9.1\bin\windows;C:\Users\ayush\AppData\Local\Programs\Python\Python310\Scripts\;C:\Users\ayush\AppData\Local\Programs\Python\Python310\;C:\Users\ayush\AppData\Local\Android\Sdk\tools;C:\Users\ayush\AppData\Local\jdk-11.0.2\bin;C:\Program Files (x86)\Microchip\mplabc18\v3.46\mpasm;C:\Program Files (x86)\Microchip\mplabc18\v3.46\bin;C:\Users\ayush\AppData\Local\Microsoft\WindowsApps;C:\Users\ayush\AppData\Local\Programs\MiKTeX\miktex\bin\x64\;C:\Program Files\heroku\bin;C:\Users\ayush\AppData\Local\Microsoft\WindowsApps;C:\Program Files\nodejs;C:\Users\ayush\AppData\Roaming\npm;C:\ffmpeg-7.1.1-essentials_build\bin;C:\Users\ayush\AppData\Local\Programs\Microsoft VS Code\bin;C:\Users\ayush\go\bin
USERNAME=ayush
OS=Windows_NT
PROCESSOR_IDENTIFIER=Intel64 Family 6 Model 154 Stepping 3, GenuineIntel
TMP=C:\Users\ayush\AppData\Local\Temp
TEMP=C:\Users\ayush\AppData\Local\Temp




Periodic native trim disabled

---------------  S Y S T E M  ---------------

OS:
 Windows 11 , 64 bit Build 26100 (10.0.26100.5074)
OS uptime: 0 days 23:39 hours
Hyper-V role detected

CPU: total 20 (initial active 20) (10 cores per cpu, 2 threads per core) family 6 model 154 stepping 3 microcode 0x435, cx8, cmov, fxsr, ht, mmx, 3dnowpref, sse, sse2, sse3, ssse3, sse4.1, sse4.2, popcnt, lzcnt, tsc, tscinvbit, avx, avx2, aes, erms, clmul, bmi1, bmi2, adx, sha, fma, vzeroupper, clflush, clflushopt, clwb, hv, serialize, rdtscp, rdpid, fsrm, f16c, cet_ibt, cet_ss
Processor Information for processor 0
  Max Mhz: 2300, Current Mhz: 1506, Mhz Limit: 2300
Processor Information for processor 1
  Max Mhz: 2300, Current Mhz: 2300, Mhz Limit: 2300
Processor Information for processor 2
  Max Mhz: 2300, Current Mhz: 2300, Mhz Limit: 2300
Processor Information for processor 3
  Max Mhz: 2300, Current Mhz: 2300, Mhz Limit: 2300
Processor Information for processor 4
  Max Mhz: 2300, Current Mhz: 2300, Mhz Limit: 2300
Processor Information for processor 5
  Max Mhz: 2300, Current Mhz: 2300, Mhz Limit: 2300
Processor Information for processor 6
  Max Mhz: 2300, Current Mhz: 2300, Mhz Limit: 2300
Processor Information for processor 7
  Max Mhz: 2300, Current Mhz: 2300, Mhz Limit: 2300
Processor Information for processor 8
  Max Mhz: 2300, Current Mhz: 2300, Mhz Limit: 2300
Processor Information for processor 9
  Max Mhz: 2300, Current Mhz: 2300, Mhz Limit: 2300
Processor Information for processor 10
  Max Mhz: 2300, Current Mhz: 2300, Mhz Limit: 2300
Processor Information for processor 11
  Max Mhz: 2300, Current Mhz: 2300, Mhz Limit: 2300
Processor Information for processor 12
  Max Mhz: 2300, Current Mhz: 1700, Mhz Limit: 1679
Processor Information for processor 13
  Max Mhz: 2300, Current Mhz: 1500, Mhz Limit: 1679
Processor Information for processor 14
  Max Mhz: 2300, Current Mhz: 1700, Mhz Limit: 1679
Processor Information for processor 15
  Max Mhz: 2300, Current Mhz: 1500, Mhz Limit: 1679
Processor Information for processor 16
  Max Mhz: 2300, Current Mhz: 1700, Mhz Limit: 1679
Processor Information for processor 17
  Max Mhz: 2300, Current Mhz: 1700, Mhz Limit: 1679
Processor Information for processor 18
  Max Mhz: 2300, Current Mhz: 1500, Mhz Limit: 1679
Processor Information for processor 19
  Max Mhz: 2300, Current Mhz: 1700, Mhz Limit: 1679

Memory: 4k page, system-wide physical 16095M (372M free)
TotalPageFile size 65247M (AvailPageFile size 4M)
current process WorkingSet (physical memory assigned to process): 11M, peak: 1649M
current process commit charge ("private bytes"): 753M, peak: 1859M

vm_info: OpenJDK 64-Bit Server VM (21.0.8+9-LTS) for windows-amd64 JRE (21.0.8+9-LTS), built on 2025-07-15T00:00:00Z by "admin" with MS VC++ 17.7 (VS2022)

END.
