#
# There is insufficient memory for the Java Runtime Environment to continue.
# Native memory allocation (malloc) failed to allocate 1657232 bytes. Error detail: Chunk::new
# Possible reasons:
#   The system is out of physical RAM or swap space
#   This process is running with CompressedOops enabled, and the Java Heap may be blocking the growth of the native heap
# Possible solutions:
#   Reduce memory load on the system
#   Increase physical memory or swap space
#   Check if swap backing store is full
#   Decrease Java heap size (-Xmx/-Xms)
#   Decrease number of Java threads
#   Decrease Java thread stack sizes (-Xss)
#   Set larger code cache with -XX:ReservedCodeCacheSize=
#   JVM is running with Unscaled Compressed Oops mode in which the Java heap is
#     placed in the first 4GB address space. The Java Heap base address is the
#     maximum limit for the native heap growth. Please use -XX:HeapBaseMinAddress
#     to set the Java Heap base and to place the Java Heap above 4GB virtual address.
# This output file may be truncated or incomplete.
#
#  Out of Memory Error (arena.cpp:168), pid=19852, tid=23952
#
# JRE version: OpenJDK Runtime Environment Temurin-21.0.8+9 (21.0.8+9) (build 21.0.8+9-LTS)
# Java VM: OpenJDK 64-Bit Server VM Temurin-21.0.8+9 (21.0.8+9-LTS, mixed mode, sharing, tiered, compressed oops, compressed class ptrs, parallel gc, windows-amd64)
# No core dump will be written. Minidumps are not enabled by default on client versions of Windows
#

---------------  S U M M A R Y ------------

Command Line: --add-modules=ALL-SYSTEM --add-opens=java.base/java.util=ALL-UNNAMED --add-opens=java.base/java.lang=ALL-UNNAMED --add-opens=java.base/sun.nio.fs=ALL-UNNAMED -Declipse.application=org.eclipse.jdt.ls.core.id1 -Dosgi.bundles.defaultStartLevel=4 -Declipse.product=org.eclipse.jdt.ls.core.product -Djava.import.generatesMetadataFilesAtProjectRoot=false -DDetectVMInstallationsJob.disabled=true -Dfile.encoding=utf8 -XX:+UseParallelGC -XX:GCTimeRatio=4 -XX:AdaptiveSizePolicyWeight=90 -Dsun.zip.disableMemoryMapping=true -Xmx2G -Xms100m -Xlog:disable -javaagent:c:\Users\ayush\.vscode\extensions\redhat.java-1.45.0-win32-x64\lombok\lombok-1.18.39-4050.jar -XX:+HeapDumpOnOutOfMemoryError -XX:HeapDumpPath=c:\Users\ayush\AppData\Roaming\Code\User\workspaceStorage\a08dc35d963468808c61ab5053c7b1a0\redhat.java -Daether.dependencyCollector.impl=bf c:\Users\ayush\.vscode\extensions\redhat.java-1.45.0-win32-x64\server\plugins\org.eclipse.equinox.launcher_1.7.0.v20250519-0528.jar -configuration c:\Users\ayush\AppData\Roaming\Code\User\globalStorage\redhat.java\1.45.0\config_win -data c:\Users\ayush\AppData\Roaming\Code\User\workspaceStorage\a08dc35d963468808c61ab5053c7b1a0\redhat.java\jdt_ws --pipe=\\.\pipe\lsp-851781754c1244d87cf1ddad481c17fb-sock

Host: 12th Gen Intel(R) Core(TM) i7-12700H, 20 cores, 15G,  Windows 11 , 64 bit Build 26100 (10.0.26100.5074)
Time: Wed Sep 10 12:04:15 2025 India Standard Time elapsed time: 10.758174 seconds (0d 0h 0m 10s)

---------------  T H R E A D  ---------------

Current thread (0x000002c42f2eb640):  JavaThread "C2 CompilerThread0" daemon [_thread_in_native, id=23952, stack(0x000000ec43700000,0x000000ec43800000) (1024K)]


Current CompileTask:
C2:10758 3599       4       java.lang.invoke.MethodType::makeImpl (109 bytes)

Stack: [0x000000ec43700000,0x000000ec43800000]
Native frames: (J=compiled Java code, j=interpreted, Vv=VM code, C=native code)
V  [jvm.dll+0x6d2449]
V  [jvm.dll+0x8ae341]
V  [jvm.dll+0x8b08be]
V  [jvm.dll+0x8b0fa3]
V  [jvm.dll+0x280c96]
V  [jvm.dll+0xc581d]
V  [jvm.dll+0xc5d53]
V  [jvm.dll+0x3b919c]
V  [jvm.dll+0x385315]
V  [jvm.dll+0x38477a]
V  [jvm.dll+0x248ed0]
V  [jvm.dll+0x2484af]
V  [jvm.dll+0x1c89ee]
V  [jvm.dll+0x257d4d]
V  [jvm.dll+0x2562ea]
V  [jvm.dll+0x3f2d16]
V  [jvm.dll+0x857e6b]
V  [jvm.dll+0x6d0b0d]
C  [ucrtbase.dll+0x37b0]
C  [KERNEL32.DLL+0x2e8d7]
C  [ntdll.dll+0x8d9c]


---------------  P R O C E S S  ---------------

Threads class SMR info:
_java_thread_list=0x000002c48f1667a0, length=23, elements={
0x000002c42cebc4f0, 0x000002c445ccce70, 0x000002c445ccdd80, 0x000002c42f2d8b20,
0x000002c42f2dba40, 0x000002c42f2dded0, 0x000002c42f2e2ea0, 0x000002c42f2eb640,
0x000002c42f2ee540, 0x000002c488251b00, 0x000002c4882500c0, 0x000002c488250de0,
0x000002c488251470, 0x000002c488250750, 0x000002c488252eb0, 0x000002c488252820,
0x000002c488252190, 0x000002c48f0ab4b0, 0x000002c48f0abb40, 0x000002c48f0acef0,
0x000002c48f0ac1d0, 0x000002c48f0ac860, 0x000002c48f0ad580
}

Java Threads: ( => current thread )
  0x000002c42cebc4f0 JavaThread "main"                              [_thread_blocked, id=2528, stack(0x000000ec42d00000,0x000000ec42e00000) (1024K)]
  0x000002c445ccce70 JavaThread "Reference Handler"          daemon [_thread_blocked, id=18876, stack(0x000000ec43100000,0x000000ec43200000) (1024K)]
  0x000002c445ccdd80 JavaThread "Finalizer"                  daemon [_thread_blocked, id=8792, stack(0x000000ec43200000,0x000000ec43300000) (1024K)]
  0x000002c42f2d8b20 JavaThread "Signal Dispatcher"          daemon [_thread_blocked, id=21120, stack(0x000000ec43300000,0x000000ec43400000) (1024K)]
  0x000002c42f2dba40 JavaThread "Attach Listener"            daemon [_thread_blocked, id=1860, stack(0x000000ec43400000,0x000000ec43500000) (1024K)]
  0x000002c42f2dded0 JavaThread "Service Thread"             daemon [_thread_blocked, id=4808, stack(0x000000ec43500000,0x000000ec43600000) (1024K)]
  0x000002c42f2e2ea0 JavaThread "Monitor Deflation Thread"   daemon [_thread_blocked, id=16672, stack(0x000000ec43600000,0x000000ec43700000) (1024K)]
=>0x000002c42f2eb640 JavaThread "C2 CompilerThread0"         daemon [_thread_in_native, id=23952, stack(0x000000ec43700000,0x000000ec43800000) (1024K)]
  0x000002c42f2ee540 JavaThread "C1 CompilerThread0"         daemon [_thread_blocked, id=20920, stack(0x000000ec43800000,0x000000ec43900000) (1024K)]
  0x000002c488251b00 JavaThread "Common-Cleaner"             daemon [_thread_blocked, id=25504, stack(0x000000ec43900000,0x000000ec43a00000) (1024K)]
  0x000002c4882500c0 JavaThread "Notification Thread"        daemon [_thread_blocked, id=26244, stack(0x000000ec43e00000,0x000000ec43f00000) (1024K)]
  0x000002c488250de0 JavaThread "Active Thread: Equinox Container: 4b5b82bb-ab90-466e-bad2-5c3f6ea1b637"        [_thread_blocked, id=21040, stack(0x000000ec44600000,0x000000ec44700000) (1024K)]
  0x000002c488251470 JavaThread "Refresh Thread: Equinox Container: 4b5b82bb-ab90-466e-bad2-5c3f6ea1b637" daemon [_thread_blocked, id=15864, stack(0x000000ec44800000,0x000000ec44900000) (1024K)]
  0x000002c488250750 JavaThread "Framework Event Dispatcher: Equinox Container: 4b5b82bb-ab90-466e-bad2-5c3f6ea1b637" daemon [_thread_blocked, id=13920, stack(0x000000ec44900000,0x000000ec44a00000) (1024K)]
  0x000002c488252eb0 JavaThread "Start Level: Equinox Container: 4b5b82bb-ab90-466e-bad2-5c3f6ea1b637" daemon [_thread_in_native, id=3268, stack(0x000000ec44a00000,0x000000ec44b00000) (1024K)]
  0x000002c488252820 JavaThread "Bundle File Closer"         daemon [_thread_blocked, id=2772, stack(0x000000ec44e00000,0x000000ec44f00000) (1024K)]
  0x000002c488252190 JavaThread "SCR Component Actor"        daemon [_thread_blocked, id=19008, stack(0x000000ec44f00000,0x000000ec45000000) (1024K)]
  0x000002c48f0ab4b0 JavaThread "Worker-JM"                         [_thread_blocked, id=13660, stack(0x000000ec45100000,0x000000ec45200000) (1024K)]
  0x000002c48f0abb40 JavaThread "JNA Cleaner"                daemon [_thread_blocked, id=22304, stack(0x000000ec43b00000,0x000000ec43c00000) (1024K)]
  0x000002c48f0acef0 JavaThread "Worker-0: Checking project encoding"        [_thread_blocked, id=13196, stack(0x000000ec43d00000,0x000000ec43e00000) (1024K)]
  0x000002c48f0ac1d0 JavaThread "Worker-1: Refreshing workspace"        [_thread_blocked, id=13832, stack(0x000000ec43f00000,0x000000ec44000000) (1024K)]
  0x000002c48f0ac860 JavaThread "SCR Component Registry"     daemon [_thread_blocked, id=6232, stack(0x000000ec45000000,0x000000ec45100000) (1024K)]
  0x000002c48f0ad580 JavaThread "Worker-2"                          [_thread_blocked, id=21108, stack(0x000000ec43a00000,0x000000ec43b00000) (1024K)]
Total: 23

Other Threads:
  0x000002c445cb4b60 VMThread "VM Thread"                           [id=5136, stack(0x000000ec43000000,0x000000ec43100000) (1024K)]
  0x000002c445bacb20 WatcherThread "VM Periodic Task Thread"        [id=25440, stack(0x000000ec42f00000,0x000000ec43000000) (1024K)]
  0x000002c42f24ef60 WorkerThread "GC Thread#0"                     [id=24972, stack(0x000000ec42e00000,0x000000ec42f00000) (1024K)]
  0x000002c48e6b01e0 WorkerThread "GC Thread#1"                     [id=28684, stack(0x000000ec44000000,0x000000ec44100000) (1024K)]
  0x000002c48e6138e0 WorkerThread "GC Thread#2"                     [id=18520, stack(0x000000ec44100000,0x000000ec44200000) (1024K)]
  0x000002c48e613c80 WorkerThread "GC Thread#3"                     [id=12172, stack(0x000000ec44200000,0x000000ec44300000) (1024K)]
  0x000002c48e6a8d20 WorkerThread "GC Thread#4"                     [id=10892, stack(0x000000ec44300000,0x000000ec44400000) (1024K)]
  0x000002c48e6a90c0 WorkerThread "GC Thread#5"                     [id=22664, stack(0x000000ec44400000,0x000000ec44500000) (1024K)]
  0x000002c48e6a9460 WorkerThread "GC Thread#6"                     [id=14672, stack(0x000000ec44500000,0x000000ec44600000) (1024K)]
  0x000002c48ea3d3f0 WorkerThread "GC Thread#7"                     [id=19872, stack(0x000000ec44700000,0x000000ec44800000) (1024K)]
  0x000002c48eac7620 WorkerThread "GC Thread#8"                     [id=9700, stack(0x000000ec44b00000,0x000000ec44c00000) (1024K)]
  0x000002c48eac6b40 WorkerThread "GC Thread#9"                     [id=28440, stack(0x000000ec44c00000,0x000000ec44d00000) (1024K)]
  0x000002c48eac8100 WorkerThread "GC Thread#10"                    [id=26084, stack(0x000000ec44d00000,0x000000ec44e00000) (1024K)]
  0x000002c48eac7280 WorkerThread "GC Thread#11"                    [id=4452, stack(0x000000ec43c00000,0x000000ec43d00000) (1024K)]
  0x000002c4880d4280 WorkerThread "GC Thread#12"                    [id=8388, stack(0x000000ec45200000,0x000000ec45300000) (1024K)]
  0x000002c4880d3b40 WorkerThread "GC Thread#13"                    [id=13024, stack(0x000000ec45300000,0x000000ec45400000) (1024K)]
Total: 16

Threads with active compile tasks:
C2 CompilerThread0  10799 3599       4       java.lang.invoke.MethodType::makeImpl (109 bytes)
Total: 1

VM state: not at safepoint (normal execution)

VM Mutex/Monitor currently owned by a thread: None

Heap address: 0x0000000080000000, size: 2048 MB, Compressed Oops mode: 32-bit

CDS archive(s) mapped at: [0x000002c446000000-0x000002c446ba0000-0x000002c446ba0000), size 12189696, SharedBaseAddress: 0x000002c446000000, ArchiveRelocationMode: 1.
Compressed class space mapped at: 0x000002c447000000-0x000002c487000000, reserved size: 1073741824
Narrow klass base: 0x000002c446000000, Narrow klass shift: 0, Narrow klass range: 0x100000000

GC Precious Log:
 CardTable entry size: 512
 CPUs: 20 total, 20 available
 Memory: 16095M
 Large Page Support: Disabled
 NUMA Support: Disabled
 Compressed Oops: Enabled (32-bit)
 Alignments: Space 512K, Generation 512K, Heap 2M
 Heap Min Capacity: 100M
 Heap Initial Capacity: 100M
 Heap Max Capacity: 2G
 Pre-touch: Disabled
 Parallel Workers: 15

Heap:
 PSYoungGen      total 29184K, used 23595K [0x00000000d5580000, 0x00000000d7a00000, 0x0000000100000000)
  eden space 25088K, 77% used [0x00000000d5580000,0x00000000d688bd98,0x00000000d6e00000)
  from space 4096K, 99% used [0x00000000d6e80000,0x00000000d727ee98,0x00000000d7280000)
  to   space 6144K, 0% used [0x00000000d7400000,0x00000000d7400000,0x00000000d7a00000)
 ParOldGen       total 68608K, used 7712K [0x0000000080000000, 0x0000000084300000, 0x00000000d5580000)
  object space 68608K, 11% used [0x0000000080000000,0x0000000080788390,0x0000000084300000)
 Metaspace       used 17713K, committed 18368K, reserved 1114112K
  class space    used 1837K, committed 2112K, reserved 1048576K

Card table byte_map: [0x000002c42ebf0000,0x000002c42f000000] _byte_map_base: 0x000002c42e7f0000

Marking Bits: (ParMarkBitMap*) 0x00007ffecb77a340
 Begin Bits: [0x000002c4416d0000, 0x000002c4436d0000)
 End Bits:   [0x000002c4436d0000, 0x000002c4456d0000)

Polling page: 0x000002c42ce70000

Metaspace:

Usage:
  Non-class:     15.50 MB used.
      Class:      1.79 MB used.
       Both:     17.30 MB used.

Virtual space:
  Non-class space:       64.00 MB reserved,      15.88 MB ( 25%) committed,  1 nodes.
      Class space:        1.00 GB reserved,       2.06 MB ( <1%) committed,  1 nodes.
             Both:        1.06 GB reserved,      17.94 MB (  2%) committed. 

Chunk freelists:
   Non-Class:  15.30 MB
       Class:  13.78 MB
        Both:  29.07 MB

MaxMetaspaceSize: unlimited
CompressedClassSpaceSize: 1.00 GB
Initial GC threshold: 21.00 MB
Current GC threshold: 21.00 MB
CDS: on
 - commit_granule_bytes: 65536.
 - commit_granule_words: 8192.
 - virtual_space_node_default_size: 8388608.
 - enlarge_chunks_in_place: 1.
 - use_allocation_guard: 0.


Internal statistics:

num_allocs_failed_limit: 0.
num_arena_births: 528.
num_arena_deaths: 0.
num_vsnodes_births: 2.
num_vsnodes_deaths: 0.
num_space_committed: 287.
num_space_uncommitted: 0.
num_chunks_returned_to_freelist: 0.
num_chunks_taken_from_freelist: 1147.
num_chunk_merges: 0.
num_chunk_splits: 732.
num_chunks_enlarged: 493.
num_inconsistent_stats: 0.

CodeHeap 'non-profiled nmethods': size=119168Kb used=1542Kb max_used=1542Kb free=117626Kb
 bounds [0x000002c439fc0000, 0x000002c43a230000, 0x000002c441420000]
CodeHeap 'profiled nmethods': size=119104Kb used=7562Kb max_used=7562Kb free=111541Kb
 bounds [0x000002c432420000, 0x000002c432b90000, 0x000002c439870000]
CodeHeap 'non-nmethods': size=7488Kb used=1281Kb max_used=2988Kb free=6206Kb
 bounds [0x000002c439870000, 0x000002c439b70000, 0x000002c439fc0000]
CodeCache: size=245760Kb, used=10385Kb, max_used=12092Kb, free=235373Kb
 total_blobs=4254, nmethods=3698, adapters=462, full_count=0
Compilation: enabled, stopped_count=0, restarted_count=0

Compilation events (20 events):
Event: 9.722 Thread 0x000002c42f2ee540 3683       1       org.apache.felix.scr.impl.manager.DependencyManager::access$000 (5 bytes)
Event: 9.722 Thread 0x000002c42f2ee540 nmethod 3683 0x000002c43a13fd10 code [0x000002c43a13fea0, 0x000002c43a13ff50]
Event: 9.722 Thread 0x000002c42f2ee540 3684       3       org.apache.felix.scr.impl.manager.AbstractComponentManager::getState (42 bytes)
Event: 9.722 Thread 0x000002c42f2ee540 nmethod 3684 0x000002c432b7e890 code [0x000002c432b7ea80, 0x000002c432b7f008]
Event: 9.722 Thread 0x000002c42f2ee540 3685       3       org.apache.felix.scr.impl.logger.ScrLogManager$ScrLoggerFacade::log (16 bytes)
Event: 9.723 Thread 0x000002c42f2ee540 nmethod 3685 0x000002c432b7f210 code [0x000002c432b7f3e0, 0x000002c432b7f5e0]
Event: 9.723 Thread 0x000002c42f2ee540 3686       3       org.apache.felix.scr.impl.manager.DependencyManager::hasGetPermission (37 bytes)
Event: 9.723 Thread 0x000002c42f2ee540 nmethod 3686 0x000002c432b7f710 code [0x000002c432b7f8c0, 0x000002c432b7fab8]
Event: 9.723 Thread 0x000002c42f2ee540 3688       3       java.util.concurrent.locks.ReentrantLock$NonfairSync::initialTryLock (58 bytes)
Event: 9.723 Thread 0x000002c42f2ee540 nmethod 3688 0x000002c432b7fb90 code [0x000002c432b7fd80, 0x000002c432b80120]
Event: 9.723 Thread 0x000002c42f2ee540 3687       3       org.apache.felix.scr.impl.manager.DependencyManager::cardinalitySatisfied (14 bytes)
Event: 9.724 Thread 0x000002c42f2ee540 nmethod 3687 0x000002c432b80210 code [0x000002c432b803a0, 0x000002c432b80500]
Event: 9.728 Thread 0x000002c42f2ee540 3689       3       java.lang.invoke.MethodHandles$Lookup::getDirectMethodNoSecurityManager (18 bytes)
Event: 9.728 Thread 0x000002c42f2ee540 nmethod 3689 0x000002c432b80590 code [0x000002c432b80740, 0x000002c432b80890]
Event: 9.728 Thread 0x000002c42f2ee540 3690       3       java.lang.invoke.MethodType::methodType (21 bytes)
Event: 9.729 Thread 0x000002c42f2ee540 nmethod 3690 0x000002c432b80990 code [0x000002c432b80b60, 0x000002c432b80d30]
Event: 9.730 Thread 0x000002c42f2ee540 3691       3       jdk.internal.org.objectweb.asm.AnnotationWriter::putAnnotations (110 bytes)
Event: 9.730 Thread 0x000002c42f2ee540 nmethod 3691 0x000002c432b80e10 code [0x000002c432b81020, 0x000002c432b81440]
Event: 10.161 Thread 0x000002c42f2ee540 3692       3       jdk.internal.misc.Unsafe::weakCompareAndSetReference (11 bytes)
Event: 10.161 Thread 0x000002c42f2ee540 nmethod 3692 0x000002c432b81710 code [0x000002c432b818a0, 0x000002c432b819e0]

GC Heap History (10 events):
Event: 0.751 GC heap before
{Heap before GC invocations=1 (full 0):
 PSYoungGen      total 29696K, used 25600K [0x00000000d5580000, 0x00000000d7680000, 0x0000000100000000)
  eden space 25600K, 100% used [0x00000000d5580000,0x00000000d6e80000,0x00000000d6e80000)
  from space 4096K, 0% used [0x00000000d7280000,0x00000000d7280000,0x00000000d7680000)
  to   space 4096K, 0% used [0x00000000d6e80000,0x00000000d6e80000,0x00000000d7280000)
 ParOldGen       total 68608K, used 0K [0x0000000080000000, 0x0000000084300000, 0x00000000d5580000)
  object space 68608K, 0% used [0x0000000080000000,0x0000000080000000,0x0000000084300000)
 Metaspace       used 4133K, committed 4416K, reserved 1114112K
  class space    used 451K, committed 576K, reserved 1048576K
}
Event: 0.757 GC heap after
{Heap after GC invocations=1 (full 0):
 PSYoungGen      total 29696K, used 3675K [0x00000000d5580000, 0x00000000d7680000, 0x0000000100000000)
  eden space 25600K, 0% used [0x00000000d5580000,0x00000000d5580000,0x00000000d6e80000)
  from space 4096K, 89% used [0x00000000d6e80000,0x00000000d7216d80,0x00000000d7280000)
  to   space 4096K, 0% used [0x00000000d7280000,0x00000000d7280000,0x00000000d7680000)
 ParOldGen       total 68608K, used 16K [0x0000000080000000, 0x0000000084300000, 0x00000000d5580000)
  object space 68608K, 0% used [0x0000000080000000,0x0000000080004000,0x0000000084300000)
 Metaspace       used 4133K, committed 4416K, reserved 1114112K
  class space    used 451K, committed 576K, reserved 1048576K
}
Event: 1.394 GC heap before
{Heap before GC invocations=2 (full 0):
 PSYoungGen      total 29696K, used 29275K [0x00000000d5580000, 0x00000000d7680000, 0x0000000100000000)
  eden space 25600K, 100% used [0x00000000d5580000,0x00000000d6e80000,0x00000000d6e80000)
  from space 4096K, 89% used [0x00000000d6e80000,0x00000000d7216d80,0x00000000d7280000)
  to   space 4096K, 0% used [0x00000000d7280000,0x00000000d7280000,0x00000000d7680000)
 ParOldGen       total 68608K, used 16K [0x0000000080000000, 0x0000000084300000, 0x00000000d5580000)
  object space 68608K, 0% used [0x0000000080000000,0x0000000080004000,0x0000000084300000)
 Metaspace       used 7826K, committed 8128K, reserved 1114112K
  class space    used 812K, committed 960K, reserved 1048576K
}
Event: 1.401 GC heap after
{Heap after GC invocations=2 (full 0):
 PSYoungGen      total 29696K, used 4085K [0x00000000d5580000, 0x00000000d7680000, 0x0000000100000000)
  eden space 25600K, 0% used [0x00000000d5580000,0x00000000d5580000,0x00000000d6e80000)
  from space 4096K, 99% used [0x00000000d7280000,0x00000000d767d790,0x00000000d7680000)
  to   space 4096K, 0% used [0x00000000d6e80000,0x00000000d6e80000,0x00000000d7280000)
 ParOldGen       total 68608K, used 1641K [0x0000000080000000, 0x0000000084300000, 0x00000000d5580000)
  object space 68608K, 2% used [0x0000000080000000,0x000000008019a6a8,0x0000000084300000)
 Metaspace       used 7826K, committed 8128K, reserved 1114112K
  class space    used 812K, committed 960K, reserved 1048576K
}
Event: 1.893 GC heap before
{Heap before GC invocations=3 (full 0):
 PSYoungGen      total 29696K, used 29685K [0x00000000d5580000, 0x00000000d7680000, 0x0000000100000000)
  eden space 25600K, 100% used [0x00000000d5580000,0x00000000d6e80000,0x00000000d6e80000)
  from space 4096K, 99% used [0x00000000d7280000,0x00000000d767d790,0x00000000d7680000)
  to   space 4096K, 0% used [0x00000000d6e80000,0x00000000d6e80000,0x00000000d7280000)
 ParOldGen       total 68608K, used 1641K [0x0000000080000000, 0x0000000084300000, 0x00000000d5580000)
  object space 68608K, 2% used [0x0000000080000000,0x000000008019a6a8,0x0000000084300000)
 Metaspace       used 9434K, committed 9728K, reserved 1114112K
  class space    used 1006K, committed 1152K, reserved 1048576K
}
Event: 1.901 GC heap after
{Heap after GC invocations=3 (full 0):
 PSYoungGen      total 29696K, used 4067K [0x00000000d5580000, 0x00000000d7680000, 0x0000000100000000)
  eden space 25600K, 0% used [0x00000000d5580000,0x00000000d5580000,0x00000000d6e80000)
  from space 4096K, 99% used [0x00000000d6e80000,0x00000000d7278cf8,0x00000000d7280000)
  to   space 4096K, 0% used [0x00000000d7280000,0x00000000d7280000,0x00000000d7680000)
 ParOldGen       total 68608K, used 4129K [0x0000000080000000, 0x0000000084300000, 0x00000000d5580000)
  object space 68608K, 6% used [0x0000000080000000,0x0000000080408750,0x0000000084300000)
 Metaspace       used 9434K, committed 9728K, reserved 1114112K
  class space    used 1006K, committed 1152K, reserved 1048576K
}
Event: 2.543 GC heap before
{Heap before GC invocations=4 (full 0):
 PSYoungGen      total 29696K, used 29667K [0x00000000d5580000, 0x00000000d7680000, 0x0000000100000000)
  eden space 25600K, 100% used [0x00000000d5580000,0x00000000d6e80000,0x00000000d6e80000)
  from space 4096K, 99% used [0x00000000d6e80000,0x00000000d7278cf8,0x00000000d7280000)
  to   space 4096K, 0% used [0x00000000d7280000,0x00000000d7280000,0x00000000d7680000)
 ParOldGen       total 68608K, used 4129K [0x0000000080000000, 0x0000000084300000, 0x00000000d5580000)
  object space 68608K, 6% used [0x0000000080000000,0x0000000080408750,0x0000000084300000)
 Metaspace       used 11929K, committed 12352K, reserved 1114112K
  class space    used 1264K, committed 1472K, reserved 1048576K
}
Event: 2.548 GC heap after
{Heap after GC invocations=4 (full 0):
 PSYoungGen      total 29696K, used 4065K [0x00000000d5580000, 0x00000000d7680000, 0x0000000100000000)
  eden space 25600K, 0% used [0x00000000d5580000,0x00000000d5580000,0x00000000d6e80000)
  from space 4096K, 99% used [0x00000000d7280000,0x00000000d76787c8,0x00000000d7680000)
  to   space 4096K, 0% used [0x00000000d6e80000,0x00000000d6e80000,0x00000000d7280000)
 ParOldGen       total 68608K, used 6161K [0x0000000080000000, 0x0000000084300000, 0x00000000d5580000)
  object space 68608K, 8% used [0x0000000080000000,0x0000000080604548,0x0000000084300000)
 Metaspace       used 11929K, committed 12352K, reserved 1114112K
  class space    used 1264K, committed 1472K, reserved 1048576K
}
Event: 3.058 GC heap before
{Heap before GC invocations=5 (full 0):
 PSYoungGen      total 29696K, used 29665K [0x00000000d5580000, 0x00000000d7680000, 0x0000000100000000)
  eden space 25600K, 100% used [0x00000000d5580000,0x00000000d6e80000,0x00000000d6e80000)
  from space 4096K, 99% used [0x00000000d7280000,0x00000000d76787c8,0x00000000d7680000)
  to   space 4096K, 0% used [0x00000000d6e80000,0x00000000d6e80000,0x00000000d7280000)
 ParOldGen       total 68608K, used 6161K [0x0000000080000000, 0x0000000084300000, 0x00000000d5580000)
  object space 68608K, 8% used [0x0000000080000000,0x0000000080604548,0x0000000084300000)
 Metaspace       used 15035K, committed 15552K, reserved 1114112K
  class space    used 1536K, committed 1728K, reserved 1048576K
}
Event: 3.061 GC heap after
{Heap after GC invocations=5 (full 0):
 PSYoungGen      total 29184K, used 4091K [0x00000000d5580000, 0x00000000d7a00000, 0x0000000100000000)
  eden space 25088K, 0% used [0x00000000d5580000,0x00000000d5580000,0x00000000d6e00000)
  from space 4096K, 99% used [0x00000000d6e80000,0x00000000d727ee98,0x00000000d7280000)
  to   space 6144K, 0% used [0x00000000d7400000,0x00000000d7400000,0x00000000d7a00000)
 ParOldGen       total 68608K, used 7712K [0x0000000080000000, 0x0000000084300000, 0x00000000d5580000)
  object space 68608K, 11% used [0x0000000080000000,0x0000000080788390,0x0000000084300000)
 Metaspace       used 15035K, committed 15552K, reserved 1114112K
  class space    used 1536K, committed 1728K, reserved 1048576K
}

Dll operation events (10 events):
Event: 0.012 Loaded shared library c:\Users\ayush\.vscode\extensions\redhat.java-1.45.0-win32-x64\jre\21.0.8-win32-x86_64\bin\java.dll
Event: 0.086 Loaded shared library c:\Users\ayush\.vscode\extensions\redhat.java-1.45.0-win32-x64\jre\21.0.8-win32-x86_64\bin\zip.dll
Event: 0.112 Loaded shared library C:\Users\ayush\.vscode\extensions\redhat.java-1.45.0-win32-x64\jre\21.0.8-win32-x86_64\bin\instrument.dll
Event: 0.117 Loaded shared library C:\Users\ayush\.vscode\extensions\redhat.java-1.45.0-win32-x64\jre\21.0.8-win32-x86_64\bin\net.dll
Event: 0.121 Loaded shared library C:\Users\ayush\.vscode\extensions\redhat.java-1.45.0-win32-x64\jre\21.0.8-win32-x86_64\bin\nio.dll
Event: 0.125 Loaded shared library C:\Users\ayush\.vscode\extensions\redhat.java-1.45.0-win32-x64\jre\21.0.8-win32-x86_64\bin\zip.dll
Event: 0.146 Loaded shared library C:\Users\ayush\.vscode\extensions\redhat.java-1.45.0-win32-x64\jre\21.0.8-win32-x86_64\bin\jimage.dll
Event: 0.223 Loaded shared library c:\Users\ayush\.vscode\extensions\redhat.java-1.45.0-win32-x64\jre\21.0.8-win32-x86_64\bin\verify.dll
Event: 1.528 Loaded shared library C:\Users\ayush\AppData\Roaming\Code\User\globalStorage\redhat.java\1.45.0\config_win\org.eclipse.equinox.launcher\org.eclipse.equinox.launcher.win32.win32.x86_64_1.2.1400.v20250801-0854\eclipse_11916.dll
Event: 8.520 Loaded shared library C:\Users\ayush\AppData\Local\Temp\jna-93302354\jna9457249229239932590.dll

Deoptimization events (20 events):
Event: 3.194 Thread 0x000002c488252eb0 Uncommon trap: trap_request=0xffffffde fr.pc=0x000002c43a126eec relative=0x00000000000005ac
Event: 3.194 Thread 0x000002c488252eb0 Uncommon trap: reason=class_check action=maybe_recompile pc=0x000002c43a126eec method=java.util.regex.Pattern$Start.match(Ljava/util/regex/Matcher;ILjava/lang/CharSequence;)Z @ 44 c2
Event: 3.194 Thread 0x000002c488252eb0 DEOPT PACKING pc=0x000002c43a126eec sp=0x000000ec44af8410
Event: 3.195 Thread 0x000002c488252eb0 DEOPT UNPACKING pc=0x000002c4398c3aa2 sp=0x000000ec44af8350 mode 2
Event: 3.252 Thread 0x000002c488252eb0 Uncommon trap: trap_request=0xffffff45 fr.pc=0x000002c439ff689c relative=0x000000000000067c
Event: 3.252 Thread 0x000002c488252eb0 Uncommon trap: reason=unstable_if action=reinterpret pc=0x000002c439ff689c method=java.lang.String.replace(Ljava/lang/CharSequence;Ljava/lang/CharSequence;)Ljava/lang/String; @ 42 c2
Event: 3.252 Thread 0x000002c488252eb0 DEOPT PACKING pc=0x000002c439ff689c sp=0x000000ec44af78a0
Event: 3.252 Thread 0x000002c488252eb0 DEOPT UNPACKING pc=0x000002c4398c3aa2 sp=0x000000ec44af7820 mode 2
Event: 8.583 Thread 0x000002c488252eb0 Uncommon trap: trap_request=0xffffffc6 fr.pc=0x000002c43a079334 relative=0x0000000000000b34
Event: 8.583 Thread 0x000002c488252eb0 Uncommon trap: reason=bimorphic_or_optimized_type_check action=maybe_recompile pc=0x000002c43a079334 method=java.util.HashMap.putVal(ILjava/lang/Object;Ljava/lang/Object;ZZ)Ljava/lang/Object; @ 91 c2
Event: 8.583 Thread 0x000002c488252eb0 DEOPT PACKING pc=0x000002c43a079334 sp=0x000000ec44af7f20
Event: 8.583 Thread 0x000002c488252eb0 DEOPT UNPACKING pc=0x000002c4398c3aa2 sp=0x000000ec44af7eb0 mode 2
Event: 8.639 Thread 0x000002c488252eb0 Uncommon trap: trap_request=0xffffff45 fr.pc=0x000002c43a117624 relative=0x0000000000000084
Event: 8.639 Thread 0x000002c488252eb0 Uncommon trap: reason=unstable_if action=reinterpret pc=0x000002c43a117624 method=java.lang.ref.SoftReference.get()Ljava/lang/Object; @ 6 c2
Event: 8.639 Thread 0x000002c488252eb0 DEOPT PACKING pc=0x000002c43a117624 sp=0x000000ec44af9a20
Event: 8.639 Thread 0x000002c488252eb0 DEOPT UNPACKING pc=0x000002c4398c3aa2 sp=0x000000ec44af99b8 mode 2
Event: 9.693 Thread 0x000002c48f0acef0 Uncommon trap: trap_request=0xffffff45 fr.pc=0x000002c43a0b6160 relative=0x00000000000000c0
Event: 9.693 Thread 0x000002c48f0acef0 Uncommon trap: reason=unstable_if action=reinterpret pc=0x000002c43a0b6160 method=java.util.concurrent.locks.ReentrantLock$NonfairSync.initialTryLock()Z @ 25 c2
Event: 9.693 Thread 0x000002c48f0acef0 DEOPT PACKING pc=0x000002c43a0b6160 sp=0x000000ec43dfdbc0
Event: 9.693 Thread 0x000002c48f0acef0 DEOPT UNPACKING pc=0x000002c4398c3aa2 sp=0x000000ec43dfdb40 mode 2

Classes loaded (20 events):
Event: 8.551 Loading class java/lang/reflect/UndeclaredThrowableException
Event: 8.552 Loading class java/lang/reflect/UndeclaredThrowableException done
Event: 8.552 Loading class java/lang/Class$AnnotationData
Event: 8.552 Loading class java/lang/Class$AnnotationData done
Event: 8.553 Loading class jdk/internal/reflect/MethodHandleIntegerFieldAccessorImpl
Event: 8.554 Loading class jdk/internal/reflect/MethodHandleIntegerFieldAccessorImpl done
Event: 8.571 Loading class java/io/PrintWriter
Event: 8.571 Loading class java/io/PrintWriter done
Event: 8.581 Loading class jdk/internal/reflect/MethodHandleShortFieldAccessorImpl
Event: 8.581 Loading class jdk/internal/reflect/MethodHandleShortFieldAccessorImpl done
Event: 8.581 Loading class java/lang/Short$ShortCache
Event: 8.581 Loading class java/lang/Short$ShortCache done
Event: 8.629 Loading class java/util/function/LongUnaryOperator
Event: 8.629 Loading class java/util/function/LongUnaryOperator done
Event: 8.630 Loading class java/lang/ThreadDeath
Event: 8.630 Loading class java/lang/ThreadDeath done
Event: 8.644 Loading class java/util/stream/SortedOps$SizedRefSortingSink
Event: 8.644 Loading class java/util/stream/SortedOps$SizedRefSortingSink done
Event: 9.717 Loading class java/util/concurrent/atomic/Striped64$1
Event: 9.717 Loading class java/util/concurrent/atomic/Striped64$1 done

Classes unloaded (0 events):
No events

Classes redefined (0 events):
No events

Internal exceptions (20 events):
Event: 3.076 Thread 0x000002c488252eb0 Exception <a 'java/io/FileNotFoundException'{0x00000000d56bfd38}> (0x00000000d56bfd38) 
thrown [s\src\hotspot\share\prims\jni.cpp, line 520]
Event: 3.208 Thread 0x000002c488252eb0 Exception <a 'java/lang/NoSuchMethodError'{0x00000000d5d39c28}: 'java.lang.Object java.lang.invoke.DirectMethodHandle$Holder.invokeStaticInit(java.lang.Object, int)'> (0x00000000d5d39c28) 
thrown [s\src\hotspot\share\interpreter\linkResolver.cpp, line 773]
Event: 3.255 Thread 0x000002c488252eb0 Exception <a 'java/lang/NoSuchMethodError'{0x00000000d5fa9f58}: 'java.lang.Object java.lang.invoke.DirectMethodHandle$Holder.invokeStaticInit(java.lang.Object, int, int, int, int)'> (0x00000000d5fa9f58) 
thrown [s\src\hotspot\share\interpreter\linkResolver.cpp, line 773]
Event: 6.364 Thread 0x000002c488252eb0 Exception <a 'java/lang/NoSuchMethodError'{0x00000000d6100760}: 'java.lang.Object java.lang.invoke.DirectMethodHandle$Holder.invokeStaticInit(java.lang.Object, java.lang.Object, int, int, int, int)'> (0x00000000d6100760) 
thrown [s\src\hotspot\share\interpreter\linkResolver.cpp, line 773]
Event: 8.554 Thread 0x000002c488252eb0 Exception <a 'java/lang/NoSuchMethodError'{0x00000000d6225478}: 'void java.lang.invoke.DirectMethodHandle$Holder.invokeSpecial(java.lang.Object, java.lang.Object, java.lang.Object, int)'> (0x00000000d6225478) 
thrown [s\src\hotspot\share\interpreter\linkResolver.cpp, line 773]
Event: 8.555 Thread 0x000002c488252eb0 Exception <a 'java/lang/NoSuchMethodError'{0x00000000d6228e08}: 'void java.lang.invoke.DelegatingMethodHandle$Holder.reinvoke_L(java.lang.Object, java.lang.Object, int)'> (0x00000000d6228e08) 
thrown [s\src\hotspot\share\interpreter\linkResolver.cpp, line 773]
Event: 8.555 Thread 0x000002c488252eb0 Exception <a 'java/lang/NoSuchMethodError'{0x00000000d622faf0}: 'int java.lang.invoke.Invokers$Holder.invokeExact_MT(java.lang.Object, java.lang.Object, java.lang.Object)'> (0x00000000d622faf0) 
thrown [s\src\hotspot\share\interpreter\linkResolver.cpp, line 773]
Event: 8.585 Thread 0x000002c488252eb0 Exception <a 'java/lang/NoSuchMethodError'{0x00000000d63c4b68}: 'void java.lang.invoke.Invokers$Holder.invokeExact_MT(java.lang.Object, java.lang.Object, int, java.lang.Object)'> (0x00000000d63c4b68) 
thrown [s\src\hotspot\share\interpreter\linkResolver.cpp, line 773]
Event: 8.625 Thread 0x000002c488252eb0 Exception <a 'java/lang/NoSuchMethodError'{0x00000000d64eac00}: 'java.lang.Object java.lang.invoke.DirectMethodHandle$Holder.invokeSpecial(java.lang.Object, java.lang.Object, java.lang.Object, long, java.lang.Object)'> (0x00000000d64eac00) 
thrown [s\src\hotspot\share\interpreter\linkResolver.cpp, line 773]
Event: 8.626 Thread 0x000002c488252eb0 Exception <a 'java/lang/NoSuchMethodError'{0x00000000d64f2448}: 'java.lang.Object java.lang.invoke.DirectMethodHandle$Holder.newInvokeSpecial(java.lang.Object, java.lang.Object, java.lang.Object, long)'> (0x00000000d64f2448) 
thrown [s\src\hotspot\share\interpreter\linkResolver.cpp, line 773]
Event: 8.627 Thread 0x000002c488252eb0 Exception <a 'java/lang/NoSuchMethodError'{0x00000000d64f6838}: 'java.lang.Object java.lang.invoke.DirectMethodHandle$Holder.invokeSpecial(java.lang.Object, java.lang.Object, java.lang.Object, java.lang.Object, long)'> (0x00000000d64f6838) 
thrown [s\src\hotspot\share\interpreter\linkResolver.cpp, line 773]
Event: 8.627 Thread 0x000002c488252eb0 Exception <a 'java/lang/NoSuchMethodError'{0x00000000d64fa458}: 'java.lang.Object java.lang.invoke.Invokers$Holder.linkToTargetMethod(java.lang.Object, java.lang.Object, long, java.lang.Object)'> (0x00000000d64fa458) 
thrown [s\src\hotspot\share\interpreter\linkResolver.cpp, line 773]
Event: 8.641 Thread 0x000002c488252eb0 Exception <a 'java/lang/NoSuchMethodError'{0x00000000d65698d8}: 'int java.lang.invoke.DirectMethodHandle$Holder.invokeStaticInit(java.lang.Object, java.lang.Object, java.lang.Object)'> (0x00000000d65698d8) 
thrown [s\src\hotspot\share\interpreter\linkResolver.cpp, line 773]
Event: 9.666 Thread 0x000002c488252eb0 Exception <a 'java/lang/IncompatibleClassChangeError'{0x00000000d660a4f0}: Found class java.lang.Object, but interface was expected> (0x00000000d660a4f0) 
thrown [s\src\hotspot\share\interpreter\linkResolver.cpp, line 840]
Event: 9.688 Thread 0x000002c488252eb0 Exception <a 'java/lang/NoSuchMethodError'{0x00000000d662e720}: 'java.lang.Object java.lang.invoke.DirectMethodHandle$Holder.invokeSpecial(java.lang.Object, java.lang.Object, java.lang.Object, int, java.lang.Object, java.lang.Object)'> (0x00000000d662e720) 
thrown [s\src\hotspot\share\interpreter\linkResolver.cpp, line 773]
Event: 9.689 Thread 0x000002c488252eb0 Exception <a 'java/lang/NoSuchMethodError'{0x00000000d66361b0}: 'java.lang.Object java.lang.invoke.DirectMethodHandle$Holder.newInvokeSpecial(java.lang.Object, java.lang.Object, java.lang.Object, int, java.lang.Object)'> (0x00000000d66361b0) 
thrown [s\src\hotspot\share\interpreter\linkResolver.cpp, line 773]
Event: 9.689 Thread 0x000002c488252eb0 Exception <a 'java/lang/NoSuchMethodError'{0x00000000d663a170}: 'java.lang.Object java.lang.invoke.DirectMethodHandle$Holder.invokeSpecial(java.lang.Object, java.lang.Object, java.lang.Object, java.lang.Object, int, java.lang.Object)'> (0x00000000d663a170) 
thrown [s\src\hotspot\share\interpreter\linkResolver.cpp, line 773]
Event: 9.689 Thread 0x000002c488252eb0 Exception <a 'java/lang/NoSuchMethodError'{0x00000000d663dcb0}: 'java.lang.Object java.lang.invoke.Invokers$Holder.linkToTargetMethod(java.lang.Object, java.lang.Object, int, java.lang.Object, java.lang.Object)'> (0x00000000d663dcb0) 
thrown [s\src\hotspot\share\interpreter\linkResolver.cpp, line 773]
Event: 9.691 Thread 0x000002c48f0acef0 Exception <a 'java/lang/NoSuchMethodError'{0x00000000d65442d0}: 'java.lang.Object java.lang.invoke.DirectMethodHandle$Holder.invokeSpecial(java.lang.Object, java.lang.Object, int, java.lang.Object, java.lang.Object)'> (0x00000000d65442d0) 
thrown [s\src\hotspot\share\interpreter\linkResolver.cpp, line 773]
Event: 9.720 Thread 0x000002c488252eb0 Exception <a 'java/lang/NoSuchMethodError'{0x00000000d673e6d0}: 'void java.lang.invoke.DirectMethodHandle$Holder.invokeSpecial(java.lang.Object, java.lang.Object, java.lang.Object, java.lang.Object, java.lang.Object)'> (0x00000000d673e6d0) 
thrown [s\src\hotspot\share\interpreter\linkResolver.cpp, line 773]

ZGC Phase Switch (0 events):
No events

VM Operations (20 events):
Event: 2.904 Executing VM operation: ICBufferFull done
Event: 3.058 Executing VM operation: ParallelGCFailedAllocation (Allocation Failure)
Event: 3.061 Executing VM operation: ParallelGCFailedAllocation (Allocation Failure) done
Event: 3.086 Executing VM operation: HandshakeAllThreads (Deoptimize)
Event: 3.086 Executing VM operation: HandshakeAllThreads (Deoptimize) done
Event: 3.224 Executing VM operation: HandshakeAllThreads (Deoptimize)
Event: 3.224 Executing VM operation: HandshakeAllThreads (Deoptimize) done
Event: 4.233 Executing VM operation: Cleanup
Event: 4.233 Executing VM operation: Cleanup done
Event: 6.307 Executing VM operation: HandshakeAllThreads (Deoptimize)
Event: 6.307 Executing VM operation: HandshakeAllThreads (Deoptimize) done
Event: 7.312 Executing VM operation: Cleanup
Event: 7.312 Executing VM operation: Cleanup done
Event: 8.534 Executing VM operation: HandshakeAllThreads (Deoptimize)
Event: 8.534 Executing VM operation: HandshakeAllThreads (Deoptimize) done
Event: 8.534 Executing VM operation: Cleanup
Event: 8.534 Executing VM operation: Cleanup done
Event: 9.538 Executing VM operation: Cleanup
Event: 9.538 Executing VM operation: Cleanup done
Event: 10.550 Executing VM operation: Cleanup

Memory protections (0 events):
No events

Nmethod flushes (0 events):
No events

Events (20 events):
Event: 2.047 Thread 0x000002c488252eb0 Thread added: 0x000002c488252820
Event: 2.353 Thread 0x000002c488252eb0 Thread added: 0x000002c488252190
Event: 2.483 Thread 0x000002c488252eb0 Thread added: 0x000002c48f0ad580
Event: 2.517 Thread 0x000002c48e2009a0 Thread exited: 0x000002c48e2009a0
Event: 2.517 Thread 0x000002c488261fd0 Thread exited: 0x000002c488261fd0
Event: 2.662 Thread 0x000002c48825be20 Thread added: 0x000002c48ecf3b00
Event: 2.955 Thread 0x000002c488252eb0 Thread added: 0x000002c48f0ab4b0
Event: 3.159 Thread 0x000002c48825c4c0 Thread added: 0x000002c48ecf1fc0
Event: 7.882 Thread 0x000002c48f0ad580 Thread exited: 0x000002c48f0ad580
Event: 8.168 Thread 0x000002c48ecf1fc0 Thread exited: 0x000002c48ecf1fc0
Event: 8.168 Thread 0x000002c48839d420 Thread exited: 0x000002c48839d420
Event: 8.168 Thread 0x000002c48ecf3b00 Thread exited: 0x000002c48ecf3b00
Event: 8.168 Thread 0x000002c48825c4c0 Thread exited: 0x000002c48825c4c0
Event: 8.567 Thread 0x000002c488252eb0 Thread added: 0x000002c48f0abb40
Event: 8.634 Thread 0x000002c488252eb0 Thread added: 0x000002c48f0acef0
Event: 9.228 Thread 0x000002c48825be20 Thread exited: 0x000002c48825be20
Event: 9.689 Thread 0x000002c42f2ee540 Thread added: 0x000002c48f0b2110
Event: 9.690 Thread 0x000002c488252eb0 Thread added: 0x000002c48f0ac1d0
Event: 9.691 Thread 0x000002c488252eb0 Thread added: 0x000002c48f0ac860
Event: 10.161 Thread 0x000002c48f0b2110 Thread exited: 0x000002c48f0b2110


Dynamic libraries:
0x00007ff61bfc0000 - 0x00007ff61bfce000 	c:\Users\ayush\.vscode\extensions\redhat.java-1.45.0-win32-x64\jre\21.0.8-win32-x86_64\bin\java.exe
0x00007fff3d2e0000 - 0x00007fff3d549000 	C:\Windows\SYSTEM32\ntdll.dll
0x00007fff3b920000 - 0x00007fff3b9e9000 	C:\Windows\System32\KERNEL32.DLL
0x00007fff3aa30000 - 0x00007fff3ae23000 	C:\Windows\System32\KERNELBASE.dll
0x00007fff3ae30000 - 0x00007fff3af7b000 	C:\Windows\System32\ucrtbase.dll
0x00007fff0e070000 - 0x00007fff0e088000 	c:\Users\ayush\.vscode\extensions\redhat.java-1.45.0-win32-x64\jre\21.0.8-win32-x86_64\bin\jli.dll
0x00007fff08050000 - 0x00007fff0806e000 	c:\Users\ayush\.vscode\extensions\redhat.java-1.45.0-win32-x64\jre\21.0.8-win32-x86_64\bin\VCRUNTIME140.dll
0x00007fff3bc80000 - 0x00007fff3be44000 	C:\Windows\System32\USER32.dll
0x00007fff18400000 - 0x00007fff18693000 	C:\Windows\WinSxS\amd64_microsoft.windows.common-controls_6595b64144ccf1df_6.0.26100.5074_none_3e0d6f78e32fd63f\COMCTL32.dll
0x00007fff3aa00000 - 0x00007fff3aa27000 	C:\Windows\System32\win32u.dll
0x00007fff3b670000 - 0x00007fff3b69b000 	C:\Windows\System32\GDI32.dll
0x00007fff3b9f0000 - 0x00007fff3ba99000 	C:\Windows\System32\msvcrt.dll
0x00007fff3af80000 - 0x00007fff3b0ad000 	C:\Windows\System32\gdi32full.dll
0x00007fff3a950000 - 0x00007fff3a9f3000 	C:\Windows\System32\msvcp_win.dll
0x00007fff3b600000 - 0x00007fff3b62f000 	C:\Windows\System32\IMM32.DLL
0x00007fff08040000 - 0x00007fff0804c000 	c:\Users\ayush\.vscode\extensions\redhat.java-1.45.0-win32-x64\jre\21.0.8-win32-x86_64\bin\vcruntime140_1.dll
0x00007ffecbf10000 - 0x00007ffecbf9d000 	c:\Users\ayush\.vscode\extensions\redhat.java-1.45.0-win32-x64\jre\21.0.8-win32-x86_64\bin\msvcp140.dll
0x00007ffecaac0000 - 0x00007ffecb857000 	c:\Users\ayush\.vscode\extensions\redhat.java-1.45.0-win32-x64\jre\21.0.8-win32-x86_64\bin\server\jvm.dll
0x00007fff3b860000 - 0x00007fff3b914000 	C:\Windows\System32\ADVAPI32.dll
0x00007fff3b550000 - 0x00007fff3b5f6000 	C:\Windows\System32\sechost.dll
0x00007fff3cfb0000 - 0x00007fff3d0c8000 	C:\Windows\System32\RPCRT4.dll
0x00007fff3cea0000 - 0x00007fff3cf14000 	C:\Windows\System32\WS2_32.dll
0x00007fff3a2d0000 - 0x00007fff3a32e000 	C:\Windows\SYSTEM32\POWRPROF.dll
0x00007fff31680000 - 0x00007fff316b5000 	C:\Windows\SYSTEM32\WINMM.dll
0x00007fff286f0000 - 0x00007fff286fb000 	C:\Windows\SYSTEM32\VERSION.dll
0x00007fff3a2b0000 - 0x00007fff3a2c4000 	C:\Windows\SYSTEM32\UMPDC.dll
0x00007fff391b0000 - 0x00007fff391cb000 	C:\Windows\SYSTEM32\kernel.appcore.dll
0x00007fff08030000 - 0x00007fff0803a000 	c:\Users\ayush\.vscode\extensions\redhat.java-1.45.0-win32-x64\jre\21.0.8-win32-x86_64\bin\jimage.dll
0x00007fff375f0000 - 0x00007fff37832000 	C:\Windows\SYSTEM32\DBGHELP.DLL
0x00007fff3b0b0000 - 0x00007fff3b42b000 	C:\Windows\System32\combase.dll
0x00007fff3b760000 - 0x00007fff3b837000 	C:\Windows\System32\OLEAUT32.dll
0x00007fff16ea0000 - 0x00007fff16edd000 	C:\Windows\SYSTEM32\dbgcore.DLL
0x00007fff3a470000 - 0x00007fff3a509000 	C:\Windows\System32\bcryptPrimitives.dll
0x00007fff00670000 - 0x00007fff0067f000 	c:\Users\ayush\.vscode\extensions\redhat.java-1.45.0-win32-x64\jre\21.0.8-win32-x86_64\bin\instrument.dll
0x00007ffecbef0000 - 0x00007ffecbf0f000 	c:\Users\ayush\.vscode\extensions\redhat.java-1.45.0-win32-x64\jre\21.0.8-win32-x86_64\bin\java.dll
0x00007fff3c500000 - 0x00007fff3cc4d000 	C:\Windows\System32\SHELL32.dll
0x00007fff3a7e0000 - 0x00007fff3a94c000 	C:\Windows\System32\wintypes.dll
0x00007fff380d0000 - 0x00007fff38929000 	C:\Windows\SYSTEM32\windows.storage.dll
0x00007fff3d1a0000 - 0x00007fff3d290000 	C:\Windows\System32\SHCORE.dll
0x00007fff3cc50000 - 0x00007fff3ccb2000 	C:\Windows\System32\shlwapi.dll
0x00007fff3a390000 - 0x00007fff3a3b9000 	C:\Windows\SYSTEM32\profapi.dll
0x00007ffecbed0000 - 0x00007ffecbee8000 	c:\Users\ayush\.vscode\extensions\redhat.java-1.45.0-win32-x64\jre\21.0.8-win32-x86_64\bin\zip.dll
0x00007fff00660000 - 0x00007fff00670000 	C:\Users\ayush\.vscode\extensions\redhat.java-1.45.0-win32-x64\jre\21.0.8-win32-x86_64\bin\net.dll
0x00007fff2bbe0000 - 0x00007fff2bcff000 	C:\Windows\SYSTEM32\WINHTTP.dll
0x00007fff397d0000 - 0x00007fff3983b000 	C:\Windows\system32\mswsock.dll
0x00007ffecbeb0000 - 0x00007ffecbec6000 	C:\Users\ayush\.vscode\extensions\redhat.java-1.45.0-win32-x64\jre\21.0.8-win32-x86_64\bin\nio.dll
0x00007ffecbea0000 - 0x00007ffecbeb0000 	c:\Users\ayush\.vscode\extensions\redhat.java-1.45.0-win32-x64\jre\21.0.8-win32-x86_64\bin\verify.dll
0x00007fff006e0000 - 0x00007fff00724000 	C:\Users\ayush\AppData\Roaming\Code\User\globalStorage\redhat.java\1.45.0\config_win\org.eclipse.equinox.launcher\org.eclipse.equinox.launcher.win32.win32.x86_64_1.2.1400.v20250801-0854\eclipse_11916.dll
0x00007fff3be50000 - 0x00007fff3bfe8000 	C:\Windows\System32\ole32.dll
0x00007fff39a70000 - 0x00007fff39a8b000 	C:\Windows\SYSTEM32\CRYPTSP.dll
0x00007fff391d0000 - 0x00007fff3920b000 	C:\Windows\system32\rsaenh.dll
0x00007fff39870000 - 0x00007fff3989b000 	C:\Windows\SYSTEM32\USERENV.dll
0x00007fff3a360000 - 0x00007fff3a386000 	C:\Windows\SYSTEM32\bcrypt.dll
0x00007fff39a90000 - 0x00007fff39a9c000 	C:\Windows\SYSTEM32\CRYPTBASE.dll
0x00007fff38d00000 - 0x00007fff38d34000 	C:\Windows\SYSTEM32\IPHLPAPI.DLL
0x00007fff3b850000 - 0x00007fff3b85a000 	C:\Windows\System32\NSI.dll
0x00007fff0df50000 - 0x00007fff0df99000 	C:\Users\ayush\AppData\Local\Temp\jna-93302354\jna9457249229239932590.dll
0x00007fff3c000000 - 0x00007fff3c008000 	C:\Windows\System32\PSAPI.DLL

JVMTI agents:
c:\Users\ayush\.vscode\extensions\redhat.java-1.45.0-win32-x64\lombok\lombok-1.18.39-4050.jar path:c:\Users\ayush\.vscode\extensions\redhat.java-1.45.0-win32-x64\jre\21.0.8-win32-x86_64\bin\instrument.dll, loaded, initialized, instrumentlib options:none

dbghelp: loaded successfully - version: 4.0.5 - missing functions: none
symbol engine: initialized successfully - sym options: 0x614 - pdb path: .;c:\Users\ayush\.vscode\extensions\redhat.java-1.45.0-win32-x64\jre\21.0.8-win32-x86_64\bin;C:\Windows\SYSTEM32;C:\Windows\WinSxS\amd64_microsoft.windows.common-controls_6595b64144ccf1df_6.0.26100.5074_none_3e0d6f78e32fd63f;c:\Users\ayush\.vscode\extensions\redhat.java-1.45.0-win32-x64\jre\21.0.8-win32-x86_64\bin\server;C:\Users\ayush\AppData\Roaming\Code\User\globalStorage\redhat.java\1.45.0\config_win\org.eclipse.equinox.launcher\org.eclipse.equinox.launcher.win32.win32.x86_64_1.2.1400.v20250801-0854;C:\Users\ayush\AppData\Local\Temp\jna-93302354

VM Arguments:
jvm_args: --add-modules=ALL-SYSTEM --add-opens=java.base/java.util=ALL-UNNAMED --add-opens=java.base/java.lang=ALL-UNNAMED --add-opens=java.base/sun.nio.fs=ALL-UNNAMED -Declipse.application=org.eclipse.jdt.ls.core.id1 -Dosgi.bundles.defaultStartLevel=4 -Declipse.product=org.eclipse.jdt.ls.core.product -Djava.import.generatesMetadataFilesAtProjectRoot=false -DDetectVMInstallationsJob.disabled=true -Dfile.encoding=utf8 -XX:+UseParallelGC -XX:GCTimeRatio=4 -XX:AdaptiveSizePolicyWeight=90 -Dsun.zip.disableMemoryMapping=true -Xmx2G -Xms100m -Xlog:disable -javaagent:c:\Users\ayush\.vscode\extensions\redhat.java-1.45.0-win32-x64\lombok\lombok-1.18.39-4050.jar -XX:+HeapDumpOnOutOfMemoryError -XX:HeapDumpPath=c:\Users\ayush\AppData\Roaming\Code\User\workspaceStorage\a08dc35d963468808c61ab5053c7b1a0\redhat.java -Daether.dependencyCollector.impl=bf 
java_command: c:\Users\ayush\.vscode\extensions\redhat.java-1.45.0-win32-x64\server\plugins\org.eclipse.equinox.launcher_1.7.0.v20250519-0528.jar -configuration c:\Users\ayush\AppData\Roaming\Code\User\globalStorage\redhat.java\1.45.0\config_win -data c:\Users\ayush\AppData\Roaming\Code\User\workspaceStorage\a08dc35d963468808c61ab5053c7b1a0\redhat.java\jdt_ws --pipe=\\.\pipe\lsp-851781754c1244d87cf1ddad481c17fb-sock
java_class_path (initial): c:\Users\ayush\.vscode\extensions\redhat.java-1.45.0-win32-x64\server\plugins\org.eclipse.equinox.launcher_1.7.0.v20250519-0528.jar
Launcher Type: SUN_STANDARD

[Global flags]
    uintx AdaptiveSizePolicyWeight                 = 90                                        {product} {command line}
     intx CICompilerCount                          = 12                                        {product} {ergonomic}
    uintx GCTimeRatio                              = 4                                         {product} {command line}
     bool HeapDumpOnOutOfMemoryError               = true                                   {manageable} {command line}
    ccstr HeapDumpPath                             = c:\Users\ayush\AppData\Roaming\Code\User\workspaceStorage\a08dc35d963468808c61ab5053c7b1a0\redhat.java         {manageable} {command line}
   size_t InitialHeapSize                          = 104857600                                 {product} {command line}
   size_t MaxHeapSize                              = 2147483648                                {product} {command line}
   size_t MaxNewSize                               = 715653120                                 {product} {ergonomic}
   size_t MinHeapDeltaBytes                        = 524288                                    {product} {ergonomic}
   size_t MinHeapSize                              = 104857600                                 {product} {command line}
   size_t NewSize                                  = 34603008                                  {product} {ergonomic}
    uintx NonNMethodCodeHeapSize                   = 7602480                                {pd product} {ergonomic}
    uintx NonProfiledCodeHeapSize                  = 122027880                              {pd product} {ergonomic}
   size_t OldSize                                  = 70254592                                  {product} {ergonomic}
    uintx ProfiledCodeHeapSize                     = 122027880                              {pd product} {ergonomic}
    uintx ReservedCodeCacheSize                    = 251658240                              {pd product} {ergonomic}
     bool SegmentedCodeCache                       = true                                      {product} {ergonomic}
   size_t SoftMaxHeapSize                          = 2147483648                             {manageable} {ergonomic}
     bool UseCompressedOops                        = true                           {product lp64_product} {ergonomic}
     bool UseLargePagesIndividualAllocation        = false                                  {pd product} {ergonomic}
     bool UseParallelGC                            = true                                      {product} {command line}

Logging:
Log output configuration:
 #0: stdout all=off uptime,level,tags foldmultilines=false
 #1: stderr all=off uptime,level,tags foldmultilines=false

Environment Variables:
JAVA_HOME=C:\Program Files\Microsoft\jdk-17.0.12.7-hotspot
CLASSPATH=.;C:\mysql-connector-j-9.1.0\mysql-connector-j-9.1.0.jar;

PATH=C:\Program Files\Common Files\Oracle\Java\javapath;C:\Program Files\Microsoft\jdk-17.0.12.7-hotspot\bin;C:\Program Files (x86)\Microchip\mplabc18\v3.46\mpasm;C:\Program Files (x86)\Microchip\mplabc18\v3.46\bin;C:\WINDOWS\system32;C:\WINDOWS;C:\WINDOWS\System32\Wbem;C:\WINDOWS\System32\WindowsPowerShell\v1.0\;C:\WINDOWS\System32\OpenSSH\;C:\MinGW\bin;C:\Program Files\HP\HP One Agent;C:\Program Files (x86)\Flash Magic;C:\Program Files\dotnet\;C:\Program Files\Git\cmd;C:\Program Files\Docker\Docker\resources\bin;C:\Users\ayush\AppData\Local\Android\Sdk\platform-tools;C:\ProgramData\chocolatey\bin;C:\Program Files\MySQL\MySQL Server 8.0\bin;C:\WINDOWS\system32;C:\WINDOWS;C:\WINDOWS\System32\Wbem;C:\WINDOWS\System32\WindowsPowerShell\v1.0\;C:\WINDOWS\System32\OpenSSH\;C:\Program Files\nodejs;C:\Program Files\nodejs\;C:\Users\ayush\AppData\Local\Android\Sdk\tools;C:\Users\ayush\AppData\Local\jdk-11.0.2\bin;C:\Users\ayush\AppData\Local\Microsoft\WindowsApps;C:\Users\ayush\AppData\Local\Programs\Microsoft VS Code\bin;C:\Users\ayush\AppData\Local\Programs\MiKTeX\miktex\bin\x64\;C:\Program Files\heroku\bin;C:\Users\ayush\AppData\Local\Microsoft\WindowsApps;C:\Users\ayush\AppData\Roaming\npm;C:\Program Files\nodejs;C:\Program Files\nodejs;C:\Program Files\PostgreSQL\16\bin;C:\ffmpeg-7.1.1-essentials_build\bin;C:\Users\ayush\AppData\Local\Programs\Python\Python310\;C:\Users\ayush\AppData\Local\Programs\Python\Python310\Scripts\;C:\Program Files\Pandoc\;C:\Program Files\OpenSSL-Win64\bin;C:\Program Files\Go\bin;C:\kafka_2.13-3.9.1\bin\windows;C:\Users\ayush\AppData\Local\Programs\Python\Python310\Scripts\;C:\Users\ayush\AppData\Local\Programs\Python\Python310\;C:\Users\ayush\AppData\Local\Android\Sdk\tools;C:\Users\ayush\AppData\Local\jdk-11.0.2\bin;C:\Program Files (x86)\Microchip\mplabc18\v3.46\mpasm;C:\Program Files (x86)\Microchip\mplabc18\v3.46\bin;C:\Users\ayush\AppData\Local\Microsoft\WindowsApps;C:\Users\ayush\AppData\Local\Programs\MiKTeX\miktex\bin\x64\;C:\Program Files\heroku\bin;C:\Users\ayush\AppData\Local\Microsoft\WindowsApps;C:\Program Files\nodejs;C:\Users\ayush\AppData\Roaming\npm;C:\ffmpeg-7.1.1-essentials_build\bin;C:\Users\ayush\AppData\Local\Programs\Microsoft VS Code\bin;C:\Users\ayush\go\bin
USERNAME=ayush
OS=Windows_NT
PROCESSOR_IDENTIFIER=Intel64 Family 6 Model 154 Stepping 3, GenuineIntel
TMP=C:\Users\ayush\AppData\Local\Temp
TEMP=C:\Users\ayush\AppData\Local\Temp




Periodic native trim disabled

---------------  S Y S T E M  ---------------

OS:
 Windows 11 , 64 bit Build 26100 (10.0.26100.5074)
OS uptime: 0 days 23:40 hours
Hyper-V role detected

CPU: total 20 (initial active 20) (10 cores per cpu, 2 threads per core) family 6 model 154 stepping 3 microcode 0x435, cx8, cmov, fxsr, ht, mmx, 3dnowpref, sse, sse2, sse3, ssse3, sse4.1, sse4.2, popcnt, lzcnt, tsc, tscinvbit, avx, avx2, aes, erms, clmul, bmi1, bmi2, adx, sha, fma, vzeroupper, clflush, clflushopt, clwb, hv, serialize, rdtscp, rdpid, fsrm, f16c, cet_ibt, cet_ss
Processor Information for processor 0
  Max Mhz: 2300, Current Mhz: 2300, Mhz Limit: 2300
Processor Information for processor 1
  Max Mhz: 2300, Current Mhz: 1506, Mhz Limit: 2300
Processor Information for processor 2
  Max Mhz: 2300, Current Mhz: 2300, Mhz Limit: 2300
Processor Information for processor 3
  Max Mhz: 2300, Current Mhz: 1506, Mhz Limit: 2300
Processor Information for processor 4
  Max Mhz: 2300, Current Mhz: 2300, Mhz Limit: 2300
Processor Information for processor 5
  Max Mhz: 2300, Current Mhz: 2300, Mhz Limit: 2300
Processor Information for processor 6
  Max Mhz: 2300, Current Mhz: 2300, Mhz Limit: 2300
Processor Information for processor 7
  Max Mhz: 2300, Current Mhz: 2300, Mhz Limit: 2300
Processor Information for processor 8
  Max Mhz: 2300, Current Mhz: 2300, Mhz Limit: 2300
Processor Information for processor 9
  Max Mhz: 2300, Current Mhz: 2300, Mhz Limit: 2300
Processor Information for processor 10
  Max Mhz: 2300, Current Mhz: 2300, Mhz Limit: 2300
Processor Information for processor 11
  Max Mhz: 2300, Current Mhz: 2300, Mhz Limit: 2300
Processor Information for processor 12
  Max Mhz: 2300, Current Mhz: 1500, Mhz Limit: 1679
Processor Information for processor 13
  Max Mhz: 2300, Current Mhz: 1700, Mhz Limit: 1679
Processor Information for processor 14
  Max Mhz: 2300, Current Mhz: 1500, Mhz Limit: 1679
Processor Information for processor 15
  Max Mhz: 2300, Current Mhz: 1700, Mhz Limit: 1679
Processor Information for processor 16
  Max Mhz: 2300, Current Mhz: 1700, Mhz Limit: 1679
Processor Information for processor 17
  Max Mhz: 2300, Current Mhz: 1700, Mhz Limit: 1679
Processor Information for processor 18
  Max Mhz: 2300, Current Mhz: 1700, Mhz Limit: 1679
Processor Information for processor 19
  Max Mhz: 2300, Current Mhz: 1500, Mhz Limit: 1679

Memory: 4k page, system-wide physical 16095M (589M free)
TotalPageFile size 65247M (AvailPageFile size 2M)
current process WorkingSet (physical memory assigned to process): 137M, peak: 137M
current process commit charge ("private bytes"): 299M, peak: 300M

vm_info: OpenJDK 64-Bit Server VM (21.0.8+9-LTS) for windows-amd64 JRE (21.0.8+9-LTS), built on 2025-07-15T00:00:00Z by "admin" with MS VC++ 17.7 (VS2022)

END.
